[2024-06-06T06:05:00.490+0000] {local_task_job_runner.py:120} INFO - ::group::Pre task execution logs
[2024-06-06T06:05:00.590+0000] {taskinstance.py:2073} INFO - Dependencies all met for dep_context=non-requeueable deps ti=<TaskInstance: parsing_wb_mpstats.parsing_wb scheduled__2024-06-05T06:00:00+00:00 [queued]>
[2024-06-06T06:05:00.626+0000] {taskinstance.py:2073} INFO - Dependencies all met for dep_context=requeueable deps ti=<TaskInstance: parsing_wb_mpstats.parsing_wb scheduled__2024-06-05T06:00:00+00:00 [queued]>
[2024-06-06T06:05:00.628+0000] {taskinstance.py:2303} INFO - Starting attempt 4 of 4
[2024-06-06T06:05:00.704+0000] {taskinstance.py:2327} INFO - Executing <Task(PythonOperator): parsing_wb> on 2024-06-05 06:00:00+00:00
[2024-06-06T06:05:00.740+0000] {standard_task_runner.py:90} INFO - Running: ['***', 'tasks', 'run', 'parsing_wb_mpstats', 'parsing_wb', 'scheduled__2024-06-05T06:00:00+00:00', '--job-id', '1216', '--raw', '--subdir', 'DAGS_FOLDER/parsing_wb_mpstats/parsing.py', '--cfg-path', '/tmp/tmpnrfrb3wn']
[2024-06-06T06:05:00.743+0000] {standard_task_runner.py:91} INFO - Job 1216: Subtask parsing_wb
[2024-06-06T06:05:00.728+0000] {warnings.py:110} WARNING - /home/***/.local/lib/python3.12/site-packages/***/task/task_runner/standard_task_runner.py:61: DeprecationWarning: This process (pid=26482) is multi-threaded, use of fork() may lead to deadlocks in the child.
  pid = os.fork()

[2024-06-06T06:05:00.757+0000] {standard_task_runner.py:63} INFO - Started process 26483 to run task
[2024-06-06T06:05:00.981+0000] {task_command.py:426} INFO - Running <TaskInstance: parsing_wb_mpstats.parsing_wb scheduled__2024-06-05T06:00:00+00:00 [running]> on host d40bdb4a74ef
[2024-06-06T06:05:01.351+0000] {taskinstance.py:2644} INFO - Exporting env vars: AIRFLOW_CTX_DAG_OWNER='***' AIRFLOW_CTX_DAG_ID='parsing_wb_mpstats' AIRFLOW_CTX_TASK_ID='parsing_wb' AIRFLOW_CTX_EXECUTION_DATE='2024-06-05T06:00:00+00:00' AIRFLOW_CTX_TRY_NUMBER='4' AIRFLOW_CTX_DAG_RUN_ID='scheduled__2024-06-05T06:00:00+00:00'
[2024-06-06T06:05:01.353+0000] {taskinstance.py:430} INFO - ::endgroup::
[2024-06-06T06:05:02.289+0000] {connection_workflow.py:179} INFO - Pika version 1.3.2 connecting to ('172.21.0.2', 5672)
[2024-06-06T06:05:02.291+0000] {io_services_utils.py:345} INFO - Socket connected: <socket.socket fd=98, family=2, type=1, proto=6, laddr=('172.21.0.8', 47690), raddr=('172.21.0.2', 5672)>
[2024-06-06T06:05:02.293+0000] {connection_workflow.py:428} INFO - Streaming transport linked up: (<pika.adapters.utils.io_services_utils._AsyncPlaintextTransport object at 0x7f34f76669f0>, _StreamingProtocolShim: <SelectConnection PROTOCOL transport=<pika.adapters.utils.io_services_utils._AsyncPlaintextTransport object at 0x7f34f76669f0> params=<ConnectionParameters host=rabbitmq port=5672 virtual_host=/ ssl=False>>).
[2024-06-06T06:05:02.346+0000] {connection_workflow.py:293} INFO - AMQPConnector - reporting success: <SelectConnection OPEN transport=<pika.adapters.utils.io_services_utils._AsyncPlaintextTransport object at 0x7f34f76669f0> params=<ConnectionParameters host=rabbitmq port=5672 virtual_host=/ ssl=False>>
[2024-06-06T06:05:02.354+0000] {connection_workflow.py:725} INFO - AMQPConnectionWorkflow - reporting success: <SelectConnection OPEN transport=<pika.adapters.utils.io_services_utils._AsyncPlaintextTransport object at 0x7f34f76669f0> params=<ConnectionParameters host=rabbitmq port=5672 virtual_host=/ ssl=False>>
[2024-06-06T06:05:02.355+0000] {blocking_connection.py:453} INFO - Connection workflow succeeded: <SelectConnection OPEN transport=<pika.adapters.utils.io_services_utils._AsyncPlaintextTransport object at 0x7f34f76669f0> params=<ConnectionParameters host=rabbitmq port=5672 virtual_host=/ ssl=False>>
[2024-06-06T06:05:02.355+0000] {blocking_connection.py:1264} INFO - Created channel=1
[2024-06-06T06:05:02.373+0000] {blocking_connection.py:802} INFO - Closing connection (200): Normal shutdown
[2024-06-06T06:05:02.373+0000] {channel.py:536} INFO - Closing channel (200): 'Normal shutdown' on <Channel number=1 OPEN conn=<SelectConnection OPEN transport=<pika.adapters.utils.io_services_utils._AsyncPlaintextTransport object at 0x7f34f76669f0> params=<ConnectionParameters host=rabbitmq port=5672 virtual_host=/ ssl=False>>>
[2024-06-06T06:05:02.386+0000] {channel.py:1133} INFO - Received <Channel.CloseOk> on <Channel number=1 CLOSING conn=<SelectConnection OPEN transport=<pika.adapters.utils.io_services_utils._AsyncPlaintextTransport object at 0x7f34f76669f0> params=<ConnectionParameters host=rabbitmq port=5672 virtual_host=/ ssl=False>>>
[2024-06-06T06:05:02.387+0000] {connection.py:1316} INFO - Closing connection (200): 'Normal shutdown'
[2024-06-06T06:05:02.392+0000] {io_services_utils.py:731} INFO - Aborting transport connection: state=1; <socket.socket fd=98, family=2, type=1, proto=6, laddr=('172.21.0.8', 47690), raddr=('172.21.0.2', 5672)>
[2024-06-06T06:05:02.394+0000] {io_services_utils.py:904} INFO - _AsyncTransportBase._initate_abort(): Initiating abrupt asynchronous transport shutdown: state=1; error=None; <socket.socket fd=98, family=2, type=1, proto=6, laddr=('172.21.0.8', 47690), raddr=('172.21.0.2', 5672)>
[2024-06-06T06:05:02.394+0000] {io_services_utils.py:869} INFO - Deactivating transport: state=1; <socket.socket fd=98, family=2, type=1, proto=6, laddr=('172.21.0.8', 47690), raddr=('172.21.0.2', 5672)>
[2024-06-06T06:05:02.395+0000] {connection.py:2017} INFO - AMQP stack terminated, failed to connect, or aborted: opened=True, error-arg=None; pending-error=ConnectionClosedByClient: (200) 'Normal shutdown'
[2024-06-06T06:05:02.395+0000] {connection.py:2086} INFO - Stack terminated due to ConnectionClosedByClient: (200) 'Normal shutdown'
[2024-06-06T06:05:02.396+0000] {io_services_utils.py:882} INFO - Closing transport socket and unlinking: state=3; <socket.socket fd=98, family=2, type=1, proto=6, laddr=('172.21.0.8', 47690), raddr=('172.21.0.2', 5672)>
[2024-06-06T06:05:02.421+0000] {blocking_connection.py:525} INFO - User-initiated close: result=(<SelectConnection CLOSED transport=None params=<ConnectionParameters host=rabbitmq port=5672 virtual_host=/ ssl=False>>, ConnectionClosedByClient: (200) 'Normal shutdown')
[2024-06-06T06:05:02.422+0000] {taskinstance.py:441} INFO - ::group::Post task execution logs
[2024-06-06T06:05:02.422+0000] {taskinstance.py:2890} ERROR - Task failed with exception
Traceback (most recent call last):
  File "/opt/airflow/dags/parsing_wb_mpstats/parsing_wb.py", line 226, in main
    data_all_nmids_current, data_all_nmids_previous = get_data_from_wb(nmids)
                                                      ^^^^^^^^^^^^^^^^^^^^^^^
  File "/opt/airflow/dags/parsing_wb_mpstats/parsing_wb.py", line 219, in get_data_from_wb
    data_all_nmids_previous.update(get_history(nmids, df_p, dt_p))
                                   ^^^^^^^^^^^^^^^^^^^^^^^^^^^^^^
  File "/opt/airflow/dags/parsing_wb_mpstats/parsing_wb.py", line 51, in get_history
    raise Exception
Exception

During handling of the above exception, another exception occurred:

Traceback (most recent call last):
  File "/home/airflow/.local/lib/python3.12/site-packages/airflow/models/taskinstance.py", line 465, in _execute_task
    result = _execute_callable(context=context, **execute_callable_kwargs)
             ^^^^^^^^^^^^^^^^^^^^^^^^^^^^^^^^^^^^^^^^^^^^^^^^^^^^^^^^^^^^^
  File "/home/airflow/.local/lib/python3.12/site-packages/airflow/models/taskinstance.py", line 432, in _execute_callable
    return execute_callable(context=context, **execute_callable_kwargs)
           ^^^^^^^^^^^^^^^^^^^^^^^^^^^^^^^^^^^^^^^^^^^^^^^^^^^^^^^^^^^^
  File "/home/airflow/.local/lib/python3.12/site-packages/airflow/models/baseoperator.py", line 400, in wrapper
    return func(self, *args, **kwargs)
           ^^^^^^^^^^^^^^^^^^^^^^^^^^^
  File "/home/airflow/.local/lib/python3.12/site-packages/airflow/operators/python.py", line 235, in execute
    return_value = self.execute_callable()
                   ^^^^^^^^^^^^^^^^^^^^^^^
  File "/home/airflow/.local/lib/python3.12/site-packages/airflow/operators/python.py", line 252, in execute_callable
    return self.python_callable(*self.op_args, **self.op_kwargs)
           ^^^^^^^^^^^^^^^^^^^^^^^^^^^^^^^^^^^^^^^^^^^^^^^^^^^^^
  File "/opt/airflow/dags/parsing_wb_mpstats/parsing.py", line 36, in get_nmids_and_run_parsing_wb
    return main_wb(nmids=result['nmids'])
           ^^^^^^^^^^^^^^^^^^^^^^^^^^^^^^
  File "/opt/airflow/dags/parsing_wb_mpstats/parsing_wb.py", line 233, in main
    raise Exception
Exception
[2024-06-06T06:05:02.519+0000] {taskinstance.py:1205} INFO - Marking task as FAILED. dag_id=parsing_wb_mpstats, task_id=parsing_wb, execution_date=20240605T060000, start_date=20240606T060500, end_date=20240606T060502
[2024-06-06T06:05:02.581+0000] {standard_task_runner.py:110} ERROR - Failed to execute job 1216 for task parsing_wb (; 26483)
[2024-06-06T06:05:02.661+0000] {local_task_job_runner.py:240} INFO - Task exited with return code 1
[2024-06-06T06:05:02.840+0000] {taskinstance.py:3482} INFO - 0 downstream tasks scheduled from follow-on schedule check
[2024-06-06T06:05:02.848+0000] {local_task_job_runner.py:222} INFO - ::endgroup::
