[2024-06-12T18:11:42.599+0000] {local_task_job_runner.py:120} INFO - ::group::Pre task execution logs
[2024-06-12T18:11:42.622+0000] {taskinstance.py:2073} INFO - Dependencies all met for dep_context=non-requeueable deps ti=<TaskInstance: parsing_wb_mpstats.parsing_wb manual__2024-06-12T18:10:00.712525+00:00 [queued]>
[2024-06-12T18:11:42.631+0000] {taskinstance.py:2073} INFO - Dependencies all met for dep_context=requeueable deps ti=<TaskInstance: parsing_wb_mpstats.parsing_wb manual__2024-06-12T18:10:00.712525+00:00 [queued]>
[2024-06-12T18:11:42.631+0000] {taskinstance.py:2303} INFO - Starting attempt 2 of 4
[2024-06-12T18:11:42.643+0000] {taskinstance.py:2327} INFO - Executing <Task(PythonOperator): parsing_wb> on 2024-06-12 18:10:00.712525+00:00
[2024-06-12T18:11:42.651+0000] {warnings.py:110} WARNING - /home/***/.local/lib/python3.12/site-packages/***/task/task_runner/standard_task_runner.py:61: DeprecationWarning: This process (pid=582) is multi-threaded, use of fork() may lead to deadlocks in the child.
  pid = os.fork()

[2024-06-12T18:11:42.652+0000] {standard_task_runner.py:63} INFO - Started process 584 to run task
[2024-06-12T18:11:42.653+0000] {standard_task_runner.py:90} INFO - Running: ['***', 'tasks', 'run', 'parsing_wb_mpstats', 'parsing_wb', 'manual__2024-06-12T18:10:00.712525+00:00', '--job-id', '1432', '--raw', '--subdir', 'DAGS_FOLDER/parsing_wb_mpstats/parsing.py', '--cfg-path', '/tmp/tmpe_9vlb1w']
[2024-06-12T18:11:42.654+0000] {standard_task_runner.py:91} INFO - Job 1432: Subtask parsing_wb
[2024-06-12T18:11:42.706+0000] {task_command.py:426} INFO - Running <TaskInstance: parsing_wb_mpstats.parsing_wb manual__2024-06-12T18:10:00.712525+00:00 [running]> on host d40bdb4a74ef
[2024-06-12T18:11:42.806+0000] {taskinstance.py:2644} INFO - Exporting env vars: AIRFLOW_CTX_DAG_OWNER='***' AIRFLOW_CTX_DAG_ID='parsing_wb_mpstats' AIRFLOW_CTX_TASK_ID='parsing_wb' AIRFLOW_CTX_EXECUTION_DATE='2024-06-12T18:10:00.712525+00:00' AIRFLOW_CTX_TRY_NUMBER='2' AIRFLOW_CTX_DAG_RUN_ID='manual__2024-06-12T18:10:00.712525+00:00'
[2024-06-12T18:11:42.808+0000] {taskinstance.py:430} INFO - ::endgroup::
[2024-06-12T18:12:09.648+0000] {logging_mixin.py:188} INFO - 4
[2024-06-12T18:12:09.852+0000] {logging_mixin.py:188} INFO - 6
[2024-06-12T18:12:09.853+0000] {logging_mixin.py:188} INFO - https://seller-analytics-api.wildberries.ru/api/v2/nm-report/downloads
[2024-06-12T18:12:09.853+0000] {logging_mixin.py:188} INFO - 8
[2024-06-12T18:12:11.033+0000] {logging_mixin.py:188} INFO - {'data': [{'id': '68f99b65-c1d8-4cd0-9116-4d2a4b5094ab', 'createdAt': '2024-06-12 18:12:09', 'status': 'SUCCESS', 'name': 'detail_history_report', 'size': 18367, 'startDate': '2024-05-29', 'endDate': '2024-06-04'}, {'id': 'ee4d6d24-ac66-45c4-8cd6-97d7d20d5518', 'createdAt': '2024-06-12 18:10:34', 'status': 'SUCCESS', 'name': 'detail_history_report', 'size': 18170, 'startDate': '2024-06-05', 'endDate': '2024-06-11'}, {'id': '1b0db0f2-15a2-4a6a-9299-81e6e168d059', 'createdAt': '2024-06-12 18:10:24', 'status': 'SUCCESS', 'name': 'detail_history_report', 'size': 18367, 'startDate': '2024-05-29', 'endDate': '2024-06-04'}, {'id': '8c7b750b-13e3-4122-8d61-d9af290918ee', 'createdAt': '2024-06-12 18:04:23', 'status': 'SUCCESS', 'name': 'detail_history_report', 'size': 18367, 'startDate': '2024-05-29', 'endDate': '2024-06-04'}, {'id': 'f21ee9d0-1538-485e-b017-07d5cb7d7d03', 'createdAt': '2024-06-12 17:47:22', 'status': 'SUCCESS', 'name': 'detail_history_report', 'size': 18359, 'startDate': '2024-05-29', 'endDate': '2024-06-04'}, {'id': 'f8e91eec-fade-4ccb-b9b0-9324b232a39b', 'createdAt': '2024-06-12 17:38:59', 'status': 'SUCCESS', 'name': 'detail_history_report', 'size': 18360, 'startDate': '2024-05-29', 'endDate': '2024-06-04'}, {'id': 'bb2b456b-2a2c-4308-ba45-0041e009b0cf', 'createdAt': '2024-06-12 17:36:30', 'status': 'SUCCESS', 'name': 'detail_history_report', 'size': 18360, 'startDate': '2024-05-29', 'endDate': '2024-06-04'}, {'id': '7ceb957d-ae7d-4f8c-accd-c8f17535a45e', 'createdAt': '2024-06-12 16:54:24', 'status': 'SUCCESS', 'name': 'detail_history_report', 'size': 42985, 'startDate': '2023-06-12', 'endDate': '2024-06-12'}, {'id': '979a2fe4-b7db-4c9d-a01b-a9a08aac918d', 'createdAt': '2024-06-12 16:48:35', 'status': 'SUCCESS', 'name': 'detail_history_report', 'size': 5651, 'startDate': '2024-05-20', 'endDate': '2024-06-12'}, {'id': '774cf110-220f-4a2d-9979-42ba37a6ae5d', 'createdAt': '2024-06-12 09:25:00', 'status': 'SUCCESS', 'name': 'detail_history_report', 'size': 2001, 'startDate': '2024-05-28', 'endDate': '2024-06-03'}, {'id': 'f51ce3d9-785d-4b65-a90a-c9746dd78c28', 'createdAt': '2024-06-12 07:54:12', 'status': 'SUCCESS', 'name': 'detail_history_report', 'size': 499, 'startDate': '2024-05-28', 'endDate': '2024-06-03'}], 'error': False, 'errorText': '', 'additionalErrors': None}
[2024-06-12T18:12:16.033+0000] {logging_mixin.py:188} INFO - 7
[2024-06-12T18:12:16.573+0000] {logging_mixin.py:188} INFO - 6
[2024-06-12T18:12:16.574+0000] {logging_mixin.py:188} INFO - https://seller-analytics-api.wildberries.ru/api/v2/nm-report/downloads
[2024-06-12T18:12:16.574+0000] {logging_mixin.py:188} INFO - 8
[2024-06-12T18:12:16.793+0000] {logging_mixin.py:188} INFO - {'data': [{'id': 'ae60dbcb-6f55-4894-ac34-a375f76ff9cd', 'createdAt': '2024-06-12 18:12:16', 'status': 'PROCESSING', 'name': 'detail_history_report', 'size': 0, 'startDate': '2024-06-05', 'endDate': '2024-06-11'}, {'id': '68f99b65-c1d8-4cd0-9116-4d2a4b5094ab', 'createdAt': '2024-06-12 18:12:09', 'status': 'SUCCESS', 'name': 'detail_history_report', 'size': 18367, 'startDate': '2024-05-29', 'endDate': '2024-06-04'}, {'id': 'ee4d6d24-ac66-45c4-8cd6-97d7d20d5518', 'createdAt': '2024-06-12 18:10:34', 'status': 'SUCCESS', 'name': 'detail_history_report', 'size': 18170, 'startDate': '2024-06-05', 'endDate': '2024-06-11'}, {'id': '1b0db0f2-15a2-4a6a-9299-81e6e168d059', 'createdAt': '2024-06-12 18:10:24', 'status': 'SUCCESS', 'name': 'detail_history_report', 'size': 18367, 'startDate': '2024-05-29', 'endDate': '2024-06-04'}, {'id': '8c7b750b-13e3-4122-8d61-d9af290918ee', 'createdAt': '2024-06-12 18:04:23', 'status': 'SUCCESS', 'name': 'detail_history_report', 'size': 18367, 'startDate': '2024-05-29', 'endDate': '2024-06-04'}, {'id': 'f21ee9d0-1538-485e-b017-07d5cb7d7d03', 'createdAt': '2024-06-12 17:47:22', 'status': 'SUCCESS', 'name': 'detail_history_report', 'size': 18359, 'startDate': '2024-05-29', 'endDate': '2024-06-04'}, {'id': 'f8e91eec-fade-4ccb-b9b0-9324b232a39b', 'createdAt': '2024-06-12 17:38:59', 'status': 'SUCCESS', 'name': 'detail_history_report', 'size': 18360, 'startDate': '2024-05-29', 'endDate': '2024-06-04'}, {'id': 'bb2b456b-2a2c-4308-ba45-0041e009b0cf', 'createdAt': '2024-06-12 17:36:30', 'status': 'SUCCESS', 'name': 'detail_history_report', 'size': 18360, 'startDate': '2024-05-29', 'endDate': '2024-06-04'}, {'id': '7ceb957d-ae7d-4f8c-accd-c8f17535a45e', 'createdAt': '2024-06-12 16:54:24', 'status': 'SUCCESS', 'name': 'detail_history_report', 'size': 42985, 'startDate': '2023-06-12', 'endDate': '2024-06-12'}, {'id': '979a2fe4-b7db-4c9d-a01b-a9a08aac918d', 'createdAt': '2024-06-12 16:48:35', 'status': 'SUCCESS', 'name': 'detail_history_report', 'size': 5651, 'startDate': '2024-05-20', 'endDate': '2024-06-12'}, {'id': '774cf110-220f-4a2d-9979-42ba37a6ae5d', 'createdAt': '2024-06-12 09:25:00', 'status': 'SUCCESS', 'name': 'detail_history_report', 'size': 2001, 'startDate': '2024-05-28', 'endDate': '2024-06-03'}, {'id': 'f51ce3d9-785d-4b65-a90a-c9746dd78c28', 'createdAt': '2024-06-12 07:54:12', 'status': 'SUCCESS', 'name': 'detail_history_report', 'size': 499, 'startDate': '2024-05-28', 'endDate': '2024-06-03'}], 'error': False, 'errorText': '', 'additionalErrors': None}
[2024-06-12T18:12:21.794+0000] {logging_mixin.py:188} INFO - 8
[2024-06-12T18:12:22.993+0000] {logging_mixin.py:188} INFO - {'data': [{'id': 'ae60dbcb-6f55-4894-ac34-a375f76ff9cd', 'createdAt': '2024-06-12 18:12:16', 'status': 'SUCCESS', 'name': 'detail_history_report', 'size': 18170, 'startDate': '2024-06-05', 'endDate': '2024-06-11'}, {'id': '68f99b65-c1d8-4cd0-9116-4d2a4b5094ab', 'createdAt': '2024-06-12 18:12:09', 'status': 'SUCCESS', 'name': 'detail_history_report', 'size': 18367, 'startDate': '2024-05-29', 'endDate': '2024-06-04'}, {'id': 'ee4d6d24-ac66-45c4-8cd6-97d7d20d5518', 'createdAt': '2024-06-12 18:10:34', 'status': 'SUCCESS', 'name': 'detail_history_report', 'size': 18170, 'startDate': '2024-06-05', 'endDate': '2024-06-11'}, {'id': '1b0db0f2-15a2-4a6a-9299-81e6e168d059', 'createdAt': '2024-06-12 18:10:24', 'status': 'SUCCESS', 'name': 'detail_history_report', 'size': 18367, 'startDate': '2024-05-29', 'endDate': '2024-06-04'}, {'id': '8c7b750b-13e3-4122-8d61-d9af290918ee', 'createdAt': '2024-06-12 18:04:23', 'status': 'SUCCESS', 'name': 'detail_history_report', 'size': 18367, 'startDate': '2024-05-29', 'endDate': '2024-06-04'}, {'id': 'f21ee9d0-1538-485e-b017-07d5cb7d7d03', 'createdAt': '2024-06-12 17:47:22', 'status': 'SUCCESS', 'name': 'detail_history_report', 'size': 18359, 'startDate': '2024-05-29', 'endDate': '2024-06-04'}, {'id': 'f8e91eec-fade-4ccb-b9b0-9324b232a39b', 'createdAt': '2024-06-12 17:38:59', 'status': 'SUCCESS', 'name': 'detail_history_report', 'size': 18360, 'startDate': '2024-05-29', 'endDate': '2024-06-04'}, {'id': 'bb2b456b-2a2c-4308-ba45-0041e009b0cf', 'createdAt': '2024-06-12 17:36:30', 'status': 'SUCCESS', 'name': 'detail_history_report', 'size': 18360, 'startDate': '2024-05-29', 'endDate': '2024-06-04'}, {'id': '7ceb957d-ae7d-4f8c-accd-c8f17535a45e', 'createdAt': '2024-06-12 16:54:24', 'status': 'SUCCESS', 'name': 'detail_history_report', 'size': 42985, 'startDate': '2023-06-12', 'endDate': '2024-06-12'}, {'id': '979a2fe4-b7db-4c9d-a01b-a9a08aac918d', 'createdAt': '2024-06-12 16:48:35', 'status': 'SUCCESS', 'name': 'detail_history_report', 'size': 5651, 'startDate': '2024-05-20', 'endDate': '2024-06-12'}, {'id': '774cf110-220f-4a2d-9979-42ba37a6ae5d', 'createdAt': '2024-06-12 09:25:00', 'status': 'SUCCESS', 'name': 'detail_history_report', 'size': 2001, 'startDate': '2024-05-28', 'endDate': '2024-06-03'}, {'id': 'f51ce3d9-785d-4b65-a90a-c9746dd78c28', 'createdAt': '2024-06-12 07:54:12', 'status': 'SUCCESS', 'name': 'detail_history_report', 'size': 499, 'startDate': '2024-05-28', 'endDate': '2024-06-03'}], 'error': False, 'errorText': '', 'additionalErrors': None}
[2024-06-12T18:12:23.084+0000] {local_task_job_runner.py:310} WARNING - State of this instance has been externally set to None. Terminating instance.
[2024-06-12T18:12:23.085+0000] {local_task_job_runner.py:222} INFO - ::endgroup::
[2024-06-12T18:12:23.086+0000] {process_utils.py:132} INFO - Sending 15 to group 584. PIDs of all processes in the group: [584]
[2024-06-12T18:12:23.086+0000] {process_utils.py:87} INFO - Sending the signal 15 to group 584
[2024-06-12T18:12:23.087+0000] {taskinstance.py:2607} ERROR - Received SIGTERM. Terminating subprocesses.
[2024-06-12T18:12:23.087+0000] {taskinstance.py:441} INFO - ::group::Post task execution logs
[2024-06-12T18:12:23.099+0000] {taskinstance.py:2890} ERROR - Task failed with exception
Traceback (most recent call last):
  File "/home/airflow/.local/lib/python3.12/site-packages/airflow/models/taskinstance.py", line 465, in _execute_task
    result = _execute_callable(context=context, **execute_callable_kwargs)
             ^^^^^^^^^^^^^^^^^^^^^^^^^^^^^^^^^^^^^^^^^^^^^^^^^^^^^^^^^^^^^
  File "/home/airflow/.local/lib/python3.12/site-packages/airflow/models/taskinstance.py", line 432, in _execute_callable
    return execute_callable(context=context, **execute_callable_kwargs)
           ^^^^^^^^^^^^^^^^^^^^^^^^^^^^^^^^^^^^^^^^^^^^^^^^^^^^^^^^^^^^
  File "/home/airflow/.local/lib/python3.12/site-packages/airflow/models/baseoperator.py", line 400, in wrapper
    return func(self, *args, **kwargs)
           ^^^^^^^^^^^^^^^^^^^^^^^^^^^
  File "/home/airflow/.local/lib/python3.12/site-packages/airflow/operators/python.py", line 235, in execute
    return_value = self.execute_callable()
                   ^^^^^^^^^^^^^^^^^^^^^^^
  File "/home/airflow/.local/lib/python3.12/site-packages/airflow/operators/python.py", line 252, in execute_callable
    return self.python_callable(*self.op_args, **self.op_kwargs)
           ^^^^^^^^^^^^^^^^^^^^^^^^^^^^^^^^^^^^^^^^^^^^^^^^^^^^^
  File "/opt/airflow/dags/parsing_wb_mpstats/parsing.py", line 36, in get_nmids_and_run_parsing_wb
    return main_wb(nmids=result['nmids'])
           ^^^^^^^^^^^^^^^^^^^^^^^^^^^^^^
  File "/opt/airflow/dags/parsing_wb_mpstats/parsing_wb.py", line 343, in main
    def main(nmids):
                     
  File "/opt/airflow/dags/parsing_wb_mpstats/parsing_wb.py", line 323, in get_data_from_wb
    data_all_nmids_current = get_detail_history_report(nmids_list, df_c, dt_c)
                             ^^^^^^^^^^^^^^^^^^^^^^^^^^^^^^^^^^^^^^^^^^^^^^^^^
  File "/opt/airflow/dags/parsing_wb_mpstats/parsing_wb.py", line 284, in get_detail_history_report
    time.sleep(5)
  File "/home/airflow/.local/lib/python3.12/site-packages/airflow/models/taskinstance.py", line 2609, in signal_handler
    raise AirflowTaskTerminated("Task received SIGTERM signal")
airflow.exceptions.AirflowTaskTerminated: Task received SIGTERM signal
[2024-06-12T18:12:23.104+0000] {taskinstance.py:1205} INFO - Marking task as UP_FOR_RETRY. dag_id=parsing_wb_mpstats, task_id=parsing_wb, execution_date=20240612T181000, start_date=20240612T181142, end_date=20240612T181223
[2024-06-12T18:12:23.115+0000] {standard_task_runner.py:110} ERROR - Failed to execute job 1432 for task parsing_wb ((psycopg2.errors.ForeignKeyViolation) insert or update on table "task_fail" violates foreign key constraint "task_fail_ti_fkey"
DETAIL:  Key (dag_id, task_id, run_id, map_index)=(parsing_wb_mpstats, parsing_wb, manual__2024-06-12T18:10:00.712525+00:00, -1) is not present in table "task_instance".

[SQL: INSERT INTO task_fail (task_id, dag_id, run_id, map_index, start_date, end_date, duration) VALUES (%(task_id)s, %(dag_id)s, %(run_id)s, %(map_index)s, %(start_date)s, %(end_date)s, %(duration)s) RETURNING task_fail.id]
[parameters: {'task_id': 'parsing_wb', 'dag_id': 'parsing_wb_mpstats', 'run_id': 'manual__2024-06-12T18:10:00.712525+00:00', 'map_index': -1, 'start_date': datetime.datetime(2024, 6, 12, 18, 11, 42, 622822, tzinfo=Timezone('UTC')), 'end_date': datetime.datetime(2024, 6, 12, 18, 12, 23, 103471, tzinfo=Timezone('UTC')), 'duration': 40}]
(Background on this error at: https://sqlalche.me/e/14/gkpj); 584)
[2024-06-12T18:12:23.138+0000] {process_utils.py:80} INFO - Process psutil.Process(pid=584, status='terminated', exitcode=1, started='18:11:42') (584) terminated with exit code 1
