[2024-07-23T07:22:49.905+0000] {local_task_job_runner.py:120} INFO - ::group::Pre task execution logs
[2024-07-23T07:22:49.931+0000] {taskinstance.py:2073} INFO - Dependencies all met for dep_context=non-requeueable deps ti=<TaskInstance: send_message_and_calculate_ABC.send_message_and_calculate_ABC manual__2024-07-23T07:22:48.107193+00:00 [queued]>
[2024-07-23T07:22:49.939+0000] {taskinstance.py:2073} INFO - Dependencies all met for dep_context=requeueable deps ti=<TaskInstance: send_message_and_calculate_ABC.send_message_and_calculate_ABC manual__2024-07-23T07:22:48.107193+00:00 [queued]>
[2024-07-23T07:22:49.939+0000] {taskinstance.py:2303} INFO - Starting attempt 1 of 6
[2024-07-23T07:22:49.954+0000] {taskinstance.py:2327} INFO - Executing <Task(PythonOperator): send_message_and_calculate_ABC> on 2024-07-23 07:22:48.107193+00:00
[2024-07-23T07:22:49.961+0000] {warnings.py:110} WARNING - /home/***/.local/lib/python3.12/site-packages/***/task/task_runner/standard_task_runner.py:61: DeprecationWarning: This process (pid=151619) is multi-threaded, use of fork() may lead to deadlocks in the child.
  pid = os.fork()

[2024-07-23T07:22:49.962+0000] {standard_task_runner.py:63} INFO - Started process 151621 to run task
[2024-07-23T07:22:49.963+0000] {standard_task_runner.py:90} INFO - Running: ['***', 'tasks', 'run', 'send_message_and_calculate_ABC', 'send_message_and_calculate_ABC', 'manual__2024-07-23T07:22:48.107193+00:00', '--job-id', '2676', '--raw', '--subdir', 'DAGS_FOLDER/send_message_and_calculate_ABC.py', '--cfg-path', '/tmp/tmpjy8x07qm']
[2024-07-23T07:22:49.964+0000] {standard_task_runner.py:91} INFO - Job 2676: Subtask send_message_and_calculate_ABC
[2024-07-23T07:22:50.018+0000] {task_command.py:426} INFO - Running <TaskInstance: send_message_and_calculate_ABC.send_message_and_calculate_ABC manual__2024-07-23T07:22:48.107193+00:00 [running]> on host d40bdb4a74ef
[2024-07-23T07:22:50.124+0000] {taskinstance.py:2644} INFO - Exporting env vars: AIRFLOW_CTX_DAG_OWNER='***' AIRFLOW_CTX_DAG_ID='send_message_and_calculate_ABC' AIRFLOW_CTX_TASK_ID='send_message_and_calculate_ABC' AIRFLOW_CTX_EXECUTION_DATE='2024-07-23T07:22:48.107193+00:00' AIRFLOW_CTX_TRY_NUMBER='1' AIRFLOW_CTX_DAG_RUN_ID='manual__2024-07-23T07:22:48.107193+00:00'
[2024-07-23T07:22:50.125+0000] {taskinstance.py:430} INFO - ::endgroup::
[2024-07-23T07:22:55.365+0000] {logging_mixin.py:188} INFO - {'sku_first_date': '2023-10-01', 'vendorCode': 'K.Ts.BlackFaces/Khaki.01/'} <class 'dict'>
[2024-07-23T07:22:55.368+0000] {logging_mixin.py:188} INFO - {'sku_first_date': '2021-08-30', 'vendorCode': 'К.ANM.01.Ts1501.0180/Black.01/'} <class 'dict'>
[2024-07-23T07:22:55.369+0000] {logging_mixin.py:188} INFO - {'sku_first_date': '2021-10-21', 'vendorCode': 'К.PVZ.01.Ts0901.0180/Black.07/'} <class 'dict'>
[2024-07-23T07:22:55.369+0000] {logging_mixin.py:188} INFO - {'sku_first_date': '2024-06-15', 'vendorCode': 'K.Ts.Cuties/Blue.01/'} <class 'dict'>
[2024-07-23T07:22:55.369+0000] {logging_mixin.py:188} INFO - {'sku_first_date': '2024-02-28', 'vendorCode': 'K.Ts.MyFirstLove/Black.01/'} <class 'dict'>
[2024-07-23T07:22:55.369+0000] {logging_mixin.py:188} INFO - {'sku_first_date': '2023-09-27', 'vendorCode': 'K.Ts.BlancNp/D.Grey.01/'} <class 'dict'>
[2024-07-23T07:22:55.370+0000] {logging_mixin.py:188} INFO - {'sku_first_date': '2023-09-27', 'vendorCode': 'K.Ts.RedLogo/Beige.01/'} <class 'dict'>
[2024-07-23T07:22:55.370+0000] {logging_mixin.py:188} INFO - {'sku_first_date': '2021-11-08', 'vendorCode': 'К.RCK.10.Ts1502.0180/Black.01/'} <class 'dict'>
[2024-07-23T07:22:55.370+0000] {logging_mixin.py:188} INFO - {'sku_first_date': '2024-02-28', 'vendorCode': 'K.Ts.Webslinger/Red.01/'} <class 'dict'>
[2024-07-23T07:22:55.370+0000] {logging_mixin.py:188} INFO - {'sku_first_date': '2024-02-03', 'vendorCode': 'K.LngReg.Disc/Red.01/'} <class 'dict'>
[2024-07-23T07:22:55.370+0000] {logging_mixin.py:188} INFO - {'sku_first_date': '2023-10-07', 'vendorCode': 'K.LngReg.Kansas/White.01/'} <class 'dict'>
[2024-07-23T07:22:55.371+0000] {logging_mixin.py:188} INFO - {'sku_first_date': '2023-11-25', 'vendorCode': 'K.TS.Skater/Red.01/'} <class 'dict'>
[2024-07-23T07:22:55.371+0000] {logging_mixin.py:188} INFO - {'sku_first_date': '2024-02-03', 'vendorCode': 'K.LngReg.Opium/Black.01/'} <class 'dict'>
[2024-07-23T07:22:55.371+0000] {logging_mixin.py:188} INFO - {'sku_first_date': '2023-09-19', 'vendorCode': 'K.LngReg.4Tune/White.01/'} <class 'dict'>
[2024-07-23T07:22:55.371+0000] {logging_mixin.py:188} INFO - {'sku_first_date': '2024-06-01', 'vendorCode': 'K.Ts.CatMilf/Pink.01/'} <class 'dict'>
[2024-07-23T07:22:55.371+0000] {logging_mixin.py:188} INFO - {'sku_first_date': '2024-02-03', 'vendorCode': 'K.LngReg.Tigry/Green.01/'} <class 'dict'>
[2024-07-23T07:22:55.371+0000] {logging_mixin.py:188} INFO - {'sku_first_date': '2023-11-27', 'vendorCode': 'K.LngReg.NP/White.blue/'} <class 'dict'>
[2024-07-23T07:22:55.372+0000] {logging_mixin.py:188} INFO - {'sku_first_date': '2024-02-03', 'vendorCode': 'K.LngReg.2K17/Red.01/'} <class 'dict'>
[2024-07-23T07:22:55.372+0000] {logging_mixin.py:188} INFO - {'sku_first_date': '2023-06-06', 'vendorCode': 'К.TS.Shrexy/White.01/'} <class 'dict'>
[2024-07-23T07:22:55.372+0000] {logging_mixin.py:188} INFO - {'sku_first_date': '2024-06-27', 'vendorCode': 'K.Ts.Reg.Np/White.Brown/'} <class 'dict'>
[2024-07-23T07:22:55.372+0000] {logging_mixin.py:188} INFO - {'sku_first_date': '2023-09-26', 'vendorCode': 'K.LngReg.XnsStar/White.01/'} <class 'dict'>
[2024-07-23T07:22:55.372+0000] {logging_mixin.py:188} INFO - {'sku_first_date': '2023-11-25', 'vendorCode': 'K.TS.BlackCat/Red.01/'} <class 'dict'>
[2024-07-23T07:22:55.372+0000] {logging_mixin.py:188} INFO - {'sku_first_date': '2024-06-15', 'vendorCode': 'K.Ts.GTR/Blue.01/'} <class 'dict'>
[2024-07-23T07:22:55.372+0000] {logging_mixin.py:188} INFO - {'sku_first_date': '2024-07-10', 'vendorCode': 'K.Ts.Auto/Black.01/'} <class 'dict'>
[2024-07-23T07:22:55.373+0000] {logging_mixin.py:188} INFO - {'sku_first_date': '2023-12-02', 'vendorCode': 'K.HalfZip.FNP/Grey/'} <class 'dict'>
[2024-07-23T07:22:55.373+0000] {logging_mixin.py:188} INFO - {'sku_first_date': '2023-11-27', 'vendorCode': 'K.HalfZip.FleeceNP/White/'} <class 'dict'>
[2024-07-23T07:22:55.373+0000] {logging_mixin.py:188} INFO - {'sku_first_date': '2023-09-19', 'vendorCode': 'K.LngReg.NP/White/'} <class 'dict'>
[2024-07-23T07:22:55.373+0000] {logging_mixin.py:188} INFO - {'sku_first_date': '2024-02-28', 'vendorCode': 'K.Ts.HateSchool/White.01/'} <class 'dict'>
[2024-07-23T07:22:55.374+0000] {logging_mixin.py:188} INFO - {'sku_first_date': '2023-11-25', 'vendorCode': 'K.LngReg.NP/Red.brown/'} <class 'dict'>
[2024-07-23T07:22:55.374+0000] {logging_mixin.py:188} INFO - {'sku_first_date': '2023-10-11', 'vendorCode': 'K.Ts.Alimenti/Beige.01/'} <class 'dict'>
[2024-07-23T07:22:55.374+0000] {logging_mixin.py:188} INFO - {'sku_first_date': '2024-02-03', 'vendorCode': 'K.LngReg.Olympics/Blue.01/'} <class 'dict'>
[2024-07-23T07:22:55.374+0000] {logging_mixin.py:188} INFO - {'sku_first_date': '2024-07-10', 'vendorCode': 'K.Ts.Bunnies/Black.01/'} <class 'dict'>
[2024-07-23T07:22:55.374+0000] {logging_mixin.py:188} INFO - {'sku_first_date': '2024-02-28', 'vendorCode': 'K.Ts.RokstarGIRL/Black.01/'} <class 'dict'>
[2024-07-23T07:22:55.374+0000] {logging_mixin.py:188} INFO - {'sku_first_date': '2023-04-20', 'vendorCode': 'К.TWO.01.Ts.Cats/Black.01/'} <class 'dict'>
[2024-07-23T07:22:55.374+0000] {logging_mixin.py:188} INFO - {'sku_first_date': '2024-02-03', 'vendorCode': 'K.LngReg.Bunny/Red.01/'} <class 'dict'>
[2024-07-23T07:22:55.375+0000] {logging_mixin.py:188} INFO - {'sku_first_date': '2024-05-04', 'vendorCode': 'K.Ts.Fawn/Light.Grey.01/'} <class 'dict'>
[2024-07-23T07:22:55.375+0000] {logging_mixin.py:188} INFO - {'sku_first_date': '2024-02-28', 'vendorCode': 'K.Ts.NotInterested/Brown.01/'} <class 'dict'>
[2024-07-23T07:22:55.375+0000] {logging_mixin.py:188} INFO - {'sku_first_date': '2024-02-03', 'vendorCode': 'K.LngReg.MadeInAI/Grey.01/'} <class 'dict'>
[2024-07-23T07:22:55.375+0000] {logging_mixin.py:188} INFO - {'sku_first_date': '2024-05-04', 'vendorCode': 'K.Ts.Cringe/Red.01/'} <class 'dict'>
[2024-07-23T07:22:55.375+0000] {logging_mixin.py:188} INFO - {'sku_first_date': '2024-02-28', 'vendorCode': 'K.Ts.TishkaNeon/Grey.01/'} <class 'dict'>
[2024-07-23T07:22:55.375+0000] {logging_mixin.py:188} INFO - {'sku_first_date': '2024-06-02', 'vendorCode': 'K.Ts.IceCream/Yellow.01/'} <class 'dict'>
[2024-07-23T07:22:55.376+0000] {logging_mixin.py:188} INFO - {'sku_first_date': '2024-07-10', 'vendorCode': 'K.Ts.McQueen/Black.01/'} <class 'dict'>
[2024-07-23T07:22:55.376+0000] {logging_mixin.py:188} INFO - {'sku_first_date': '2021-07-28', 'vendorCode': 'К.PVZ.01.Ts0901.0180/Black.02/'} <class 'dict'>
[2024-07-23T07:22:55.376+0000] {logging_mixin.py:188} INFO - {'sku_first_date': '2024-02-28', 'vendorCode': 'K.Ts.WildEast/Grey.01/'} <class 'dict'>
[2024-07-23T07:22:55.376+0000] {logging_mixin.py:188} INFO - {'sku_first_date': '2023-10-13', 'vendorCode': 'K.Ts.WalkBro/Reaktiv.01/'} <class 'dict'>
[2024-07-23T07:22:55.376+0000] {logging_mixin.py:188} INFO - {'sku_first_date': '2023-11-25', 'vendorCode': 'K.TS.Juise/Red.01/'} <class 'dict'>
[2024-07-23T07:22:55.377+0000] {logging_mixin.py:188} INFO - {'sku_first_date': '2023-11-25', 'vendorCode': 'K.TS.Spitz/Red.01/'} <class 'dict'>
[2024-07-23T07:22:55.377+0000] {logging_mixin.py:188} INFO - {'sku_first_date': '2024-02-27', 'vendorCode': 'K.Ts.Apologies/Black.01/'} <class 'dict'>
[2024-07-23T07:22:55.377+0000] {logging_mixin.py:188} INFO - {'sku_first_date': '2024-02-28', 'vendorCode': 'K.Ts.Hustle/Brown.01/'} <class 'dict'>
[2024-07-23T07:22:55.377+0000] {logging_mixin.py:188} INFO - {'sku_first_date': '2024-05-04', 'vendorCode': 'K.LngReg.Soviet/Green.01/'} <class 'dict'>
[2024-07-23T07:22:55.377+0000] {logging_mixin.py:188} INFO - {'sku_first_date': '2023-10-01', 'vendorCode': 'K.Ts.GrandmaGun/Khaki.01/'} <class 'dict'>
[2024-07-23T07:22:55.378+0000] {logging_mixin.py:188} INFO - {'sku_first_date': '2024-06-27', 'vendorCode': 'K.Ts.Reg.Np/Black.White/'} <class 'dict'>
[2024-07-23T07:22:55.378+0000] {logging_mixin.py:188} INFO - {'sku_first_date': '2024-02-03', 'vendorCode': 'K.Ts.Spyderman/Black.01/'} <class 'dict'>
[2024-07-23T07:22:55.378+0000] {logging_mixin.py:188} INFO - {'sku_first_date': '2023-09-27', 'vendorCode': 'K.LngReg.Ptancise/White.01/'} <class 'dict'>
[2024-07-23T07:22:55.378+0000] {logging_mixin.py:188} INFO - {'sku_first_date': '2023-09-27', 'vendorCode': 'K.Ts.TomJerry/Beige.01/'} <class 'dict'>
[2024-07-23T07:22:55.378+0000] {logging_mixin.py:188} INFO - {'sku_first_date': '2024-05-04', 'vendorCode': 'K.Ts.Addiction/Grey.01/'} <class 'dict'>
[2024-07-23T07:22:55.378+0000] {logging_mixin.py:188} INFO - {'sku_first_date': '2024-06-01', 'vendorCode': 'K.Ts.Wreath/Pink.01/'} <class 'dict'>
[2024-07-23T07:22:55.379+0000] {logging_mixin.py:188} INFO - {'sku_first_date': '2023-06-06', 'vendorCode': 'К.TS.Porshe/White.01/'} <class 'dict'>
[2024-07-23T07:22:55.379+0000] {logging_mixin.py:188} INFO - {'sku_first_date': '2023-05-23', 'vendorCode': 'К.MILF.01.Ts.Happy/Black.01/'} <class 'dict'>
[2024-07-23T07:22:55.379+0000] {logging_mixin.py:188} INFO - {'sku_first_date': '2024-07-10', 'vendorCode': 'K.Ts.Cult/Black.01/'} <class 'dict'>
[2024-07-23T07:22:55.379+0000] {logging_mixin.py:188} INFO - {'sku_first_date': '2023-11-18', 'vendorCode': 'K.LngReg.NP/Beige.red/'} <class 'dict'>
[2024-07-23T07:22:55.379+0000] {logging_mixin.py:188} INFO - {'sku_first_date': '2023-12-05', 'vendorCode': 'K.HalfZip.FNP/D.Grey/'} <class 'dict'>
[2024-07-23T07:22:55.379+0000] {logging_mixin.py:188} INFO - {'sku_first_date': '2023-12-05', 'vendorCode': 'K.HalfZip.FNP/Beige/'} <class 'dict'>
[2024-07-23T07:22:55.379+0000] {logging_mixin.py:188} INFO - {'sku_first_date': '2023-11-25', 'vendorCode': 'K.LngReg.NP/Beige.brown/'} <class 'dict'>
[2024-07-23T07:22:55.380+0000] {logging_mixin.py:188} INFO - {'sku_first_date': '2023-11-25', 'vendorCode': 'K.TS.Flowers/Red.01/'} <class 'dict'>
[2024-07-23T07:22:55.380+0000] {logging_mixin.py:188} INFO - {'sku_first_date': '2024-02-03', 'vendorCode': 'K.LngReg.Face/Black.01/'} <class 'dict'>
[2024-07-23T07:22:55.380+0000] {logging_mixin.py:188} INFO - {'sku_first_date': '2024-02-28', 'vendorCode': 'K.Ts.KissMe/White.01/'} <class 'dict'>
[2024-07-23T07:22:55.380+0000] {logging_mixin.py:188} INFO - {'sku_first_date': '2023-11-27', 'vendorCode': 'K.Ts.Maznya/Blue.01/'} <class 'dict'>
[2024-07-23T07:22:55.380+0000] {logging_mixin.py:188} INFO - {'sku_first_date': '2024-06-01', 'vendorCode': 'K.Ts.CouldBe/Pink.01/'} <class 'dict'>
[2024-07-23T07:22:55.380+0000] {logging_mixin.py:188} INFO - {'sku_first_date': '2024-02-28', 'vendorCode': 'K.Ts.Gravitation/Grey.01/'} <class 'dict'>
[2024-07-23T07:22:55.381+0000] {logging_mixin.py:188} INFO - {'sku_first_date': '2024-02-28', 'vendorCode': 'K.Ts.Bill/White.01/'} <class 'dict'>
[2024-07-23T07:22:55.381+0000] {logging_mixin.py:188} INFO - {'sku_first_date': '2024-05-04', 'vendorCode': 'K.Ts.RibsLove/Grey.01/'} <class 'dict'>
[2024-07-23T07:22:55.381+0000] {logging_mixin.py:188} INFO - {'sku_first_date': '2023-11-02', 'vendorCode': 'K.Ts.Silvia/Blue.01/'} <class 'dict'>
[2024-07-23T07:22:55.381+0000] {logging_mixin.py:188} INFO - {'sku_first_date': '2023-11-02', 'vendorCode': 'K.Ts.StarFace/Blue.01/'} <class 'dict'>
[2024-07-23T07:22:55.381+0000] {logging_mixin.py:188} INFO - {'sku_first_date': '2023-09-27', 'vendorCode': 'K.LngReg.1970Shop/White.01/'} <class 'dict'>
[2024-07-23T07:22:55.381+0000] {logging_mixin.py:188} INFO - {'sku_first_date': '2023-11-02', 'vendorCode': 'K.Ts.Zvezda/Blue.01/'} <class 'dict'>
[2024-07-23T07:22:55.382+0000] {logging_mixin.py:188} INFO - {'sku_first_date': '2023-10-13', 'vendorCode': 'K.Ts.Metallica/Reaktiv.01/'} <class 'dict'>
[2024-07-23T07:22:55.382+0000] {logging_mixin.py:188} INFO - {'sku_first_date': '2024-02-03', 'vendorCode': 'K.LngReg.Rally/Brown.01/'} <class 'dict'>
[2024-07-23T07:22:55.382+0000] {logging_mixin.py:188} INFO - {'sku_first_date': '2023-10-26', 'vendorCode': 'K.LngReg.Formidable/Blue.01/'} <class 'dict'>
[2024-07-23T07:22:55.382+0000] {logging_mixin.py:188} INFO - {'sku_first_date': '2024-05-04', 'vendorCode': 'K.Ts.MacMilf/White.01/'} <class 'dict'>
[2024-07-23T07:22:55.382+0000] {logging_mixin.py:188} INFO - {'sku_first_date': '2024-02-28', 'vendorCode': 'K.Ts.NeedMoney/Black.01/'} <class 'dict'>
[2024-07-23T07:22:55.382+0000] {logging_mixin.py:188} INFO - {'sku_first_date': '2024-05-04', 'vendorCode': 'K.Ts.Stencil/Light.Grey.01/'} <class 'dict'>
[2024-07-23T07:22:55.383+0000] {logging_mixin.py:188} INFO - {'sku_first_date': '2024-02-27', 'vendorCode': 'K.Ts.TourismSport/Red.01/'} <class 'dict'>
[2024-07-23T07:22:55.383+0000] {logging_mixin.py:188} INFO - {'sku_first_date': '2023-09-19', 'vendorCode': 'K.LngReg.BlankNp/White/'} <class 'dict'>
[2024-07-23T07:22:55.383+0000] {logging_mixin.py:188} INFO - {'sku_first_date': '2023-11-02', 'vendorCode': 'K.Ts.BestHoney/Blue.01/'} <class 'dict'>
[2024-07-23T07:22:55.383+0000] {logging_mixin.py:188} INFO - {'sku_first_date': '2021-09-28', 'vendorCode': 'К.HH.01.Ts1502.0200/Black.01/'} <class 'dict'>
[2024-07-23T07:22:55.383+0000] {logging_mixin.py:188} INFO - {'sku_first_date': '2021-11-08', 'vendorCode': 'К.PVZ.01.Ts0901.0180/Black.08/'} <class 'dict'>
[2024-07-23T07:22:55.383+0000] {logging_mixin.py:188} INFO - {'sku_first_date': '2024-02-28', 'vendorCode': 'K.Ts.Shadow/Black.01/'} <class 'dict'>
[2024-07-23T07:22:55.384+0000] {logging_mixin.py:188} INFO - {'sku_first_date': '2024-02-27', 'vendorCode': 'K.Ts.Vilian/Brown.01/'} <class 'dict'>
[2024-07-23T07:22:55.384+0000] {logging_mixin.py:188} INFO - {'sku_first_date': '2024-05-04', 'vendorCode': 'K.LngReg.Spider/Black.Red/'} <class 'dict'>
[2024-07-23T07:22:55.384+0000] {logging_mixin.py:188} INFO - {'sku_first_date': '2023-11-18', 'vendorCode': 'K.LngReg.NP/Graphite/'} <class 'dict'>
[2024-07-23T07:22:55.384+0000] {logging_mixin.py:188} INFO - {'sku_first_date': '2023-10-07', 'vendorCode': 'K.LngReg.Dark/White.01/'} <class 'dict'>
[2024-07-23T07:22:55.384+0000] {logging_mixin.py:188} INFO - {'sku_first_date': '2024-05-04', 'vendorCode': 'K.Ts.Kitticalreact/White.01/'} <class 'dict'>
[2024-07-23T07:22:55.384+0000] {logging_mixin.py:188} INFO - {'sku_first_date': '2024-06-15', 'vendorCode': 'K.Ts.ScoofyDoo/Blue.01/'} <class 'dict'>
[2024-07-23T07:22:55.384+0000] {logging_mixin.py:188} INFO - {'sku_first_date': '2023-09-19', 'vendorCode': 'K.LngReg.BlankNp/Black/'} <class 'dict'>
[2024-07-23T07:22:55.385+0000] {logging_mixin.py:188} INFO - {'sku_first_date': '2024-06-01', 'vendorCode': 'K.Ts.Cutit/Yellow.01/'} <class 'dict'>
[2024-07-23T07:22:55.385+0000] {logging_mixin.py:188} INFO - {'sku_first_date': '2024-02-28', 'vendorCode': 'K.Ts.TeddyBears/Brown.01/'} <class 'dict'>
[2024-07-23T07:22:55.385+0000] {logging_mixin.py:188} INFO - {'sku_first_date': '2024-02-03', 'vendorCode': 'K.LngReg.Tishka/Grey.01/'} <class 'dict'>
[2024-07-23T07:22:55.385+0000] {logging_mixin.py:188} INFO - {'sku_first_date': '2024-06-27', 'vendorCode': 'K.Ts.Reg.Np/White.Violet/'} <class 'dict'>
[2024-07-23T07:22:55.385+0000] {logging_mixin.py:188} INFO - {'sku_first_date': '2023-11-18', 'vendorCode': 'K.LngReg.NP/Graphite.black/'} <class 'dict'>
[2024-07-23T07:22:55.385+0000] {logging_mixin.py:188} INFO - {'sku_first_date': '2023-04-19', 'vendorCode': 'К.MSF.01.Ts.Skull/Black.01/'} <class 'dict'>
[2024-07-23T07:22:55.386+0000] {logging_mixin.py:188} INFO - {'sku_first_date': '2023-10-26', 'vendorCode': 'K.LngReg.SeamLogo/White.01/'} <class 'dict'>
[2024-07-23T07:22:55.386+0000] {logging_mixin.py:188} INFO - {'sku_first_date': '2024-07-10', 'vendorCode': 'K.Ts.Threecats/Black.01/'} <class 'dict'>
[2024-07-23T07:22:55.386+0000] {logging_mixin.py:188} INFO - {'sku_first_date': '2024-02-27', 'vendorCode': 'K.Ts.GhostSkull/Grey.01/'} <class 'dict'>
[2024-07-23T07:22:55.386+0000] {logging_mixin.py:188} INFO - {'sku_first_date': '2023-10-01', 'vendorCode': 'K.Ts.BlackCat/Khaki.01/'} <class 'dict'>
[2024-07-23T07:22:55.386+0000] {logging_mixin.py:188} INFO - {'sku_first_date': '2024-02-03', 'vendorCode': 'K.LngReg.Gothic/Black.01/'} <class 'dict'>
[2024-07-23T07:22:55.386+0000] {logging_mixin.py:188} INFO - {'sku_first_date': '2024-02-27', 'vendorCode': 'K.Ts.Gengar/Grey.01/'} <class 'dict'>
[2024-07-23T07:22:55.386+0000] {logging_mixin.py:188} INFO - {'sku_first_date': '2024-05-04', 'vendorCode': 'K.Ts.Dino/Graphite.01/'} <class 'dict'>
[2024-07-23T07:22:55.387+0000] {logging_mixin.py:188} INFO - {'sku_first_date': '2024-05-04', 'vendorCode': 'K.Ts.Spray/Grey.01/'} <class 'dict'>
[2024-07-23T07:22:55.387+0000] {logging_mixin.py:188} INFO - {'sku_first_date': '2024-06-14', 'vendorCode': 'K.Ts.Wildheart/Blue.01/'} <class 'dict'>
[2024-07-23T07:22:55.387+0000] {logging_mixin.py:188} INFO - {'sku_first_date': '2024-05-04', 'vendorCode': 'K.Ts.MemesEat/White.01/'} <class 'dict'>
[2024-07-23T07:22:55.387+0000] {logging_mixin.py:188} INFO - {'sku_first_date': '2024-05-04', 'vendorCode': 'K.Ts.Scarface/Red.01/'} <class 'dict'>
[2024-07-23T07:22:55.387+0000] {logging_mixin.py:188} INFO - {'sku_first_date': '2021-08-30', 'vendorCode': 'К.EVG.01.Ts1501.0170/Black.02/'} <class 'dict'>
[2024-07-23T07:22:55.387+0000] {logging_mixin.py:188} INFO - {'sku_first_date': '2024-02-28', 'vendorCode': 'K.Ts.Hiroshima/White.01/'} <class 'dict'>
[2024-07-23T07:22:55.388+0000] {logging_mixin.py:188} INFO - {'sku_first_date': '2023-10-06', 'vendorCode': 'K.LngReg.Mariposa/White.01/'} <class 'dict'>
[2024-07-23T07:22:55.388+0000] {logging_mixin.py:188} INFO - {'sku_first_date': '2024-02-28', 'vendorCode': 'K.Ts.Hellboy/Grey.01/'} <class 'dict'>
[2024-07-23T07:22:55.388+0000] {logging_mixin.py:188} INFO - {'sku_first_date': '2023-09-27', 'vendorCode': 'K.Ts.TishkaVinyl/Beige.01/'} <class 'dict'>
[2024-07-23T07:22:55.388+0000] {logging_mixin.py:188} INFO - {'sku_first_date': '2024-02-27', 'vendorCode': 'K.Ts.Skaytim/Grey.01/'} <class 'dict'>
[2024-07-23T07:22:55.388+0000] {logging_mixin.py:188} INFO - {'sku_first_date': '2024-02-28', 'vendorCode': 'K.Ts.GrangeMan/Brown.01/'} <class 'dict'>
[2024-07-23T07:22:55.389+0000] {logging_mixin.py:188} INFO - {'sku_first_date': '2022-02-12', 'vendorCode': 'К.EVG.01.Ts1501.0170/Black.03/'} <class 'dict'>
[2024-07-23T07:22:55.389+0000] {logging_mixin.py:188} INFO - {'sku_first_date': '2023-11-25', 'vendorCode': 'K.TS.Axolotl/Red.01/'} <class 'dict'>
[2024-07-23T07:22:55.389+0000] {logging_mixin.py:188} INFO - {'sku_first_date': '2024-02-28', 'vendorCode': 'K.Ts.UnknowCaller/Grey.01/'} <class 'dict'>
[2024-07-23T07:22:55.389+0000] {logging_mixin.py:188} INFO - {'sku_first_date': '2023-10-07', 'vendorCode': 'K.LngReg.Porshe/White.01/'} <class 'dict'>
[2024-07-23T07:22:55.389+0000] {logging_mixin.py:188} INFO - {'sku_first_date': '2023-11-26', 'vendorCode': 'K.HalfZip.FleeceNP/Black/'} <class 'dict'>
[2024-07-23T07:22:55.389+0000] {logging_mixin.py:188} INFO - {'sku_first_date': '2023-10-07', 'vendorCode': 'K.LngReg.BStar/White.01/'} <class 'dict'>
[2024-07-23T07:22:55.390+0000] {logging_mixin.py:188} INFO - {'sku_first_date': '2024-02-27', 'vendorCode': 'K.Ts.RokstarBOY/Black.01/'} <class 'dict'>
[2024-07-23T07:22:55.390+0000] {logging_mixin.py:188} INFO - {'sku_first_date': '2024-02-28', 'vendorCode': 'K.Ts.GetRich/Black.01/'} <class 'dict'>
[2024-07-23T07:22:55.390+0000] {logging_mixin.py:188} INFO - {'sku_first_date': '2023-11-25', 'vendorCode': 'K.LngReg.NP/Graphite.red/'} <class 'dict'>
[2024-07-23T07:22:55.390+0000] {logging_mixin.py:188} INFO - {'sku_first_date': '2021-11-15', 'vendorCode': 'К.ANM.01.Ts1501.0180/Black.03/'} <class 'dict'>
[2024-07-23T07:22:55.390+0000] {logging_mixin.py:188} INFO - {'sku_first_date': '2024-02-28', 'vendorCode': 'K.Ts.Dance/Grey.01/'} <class 'dict'>
[2024-07-23T07:22:55.390+0000] {logging_mixin.py:188} INFO - {'sku_first_date': '2024-06-27', 'vendorCode': 'K.Ts.Reg.Np/White.Black/'} <class 'dict'>
[2024-07-23T07:22:55.391+0000] {logging_mixin.py:188} INFO - {'sku_first_date': '2024-05-04', 'vendorCode': 'K.Ts.Toxic/White.01/'} <class 'dict'>
[2024-07-23T07:22:55.391+0000] {logging_mixin.py:188} INFO - {'sku_first_date': '2024-02-28', 'vendorCode': 'K.Ts.AngryBeavers/Brown.01/'} <class 'dict'>
[2024-07-23T07:22:55.391+0000] {logging_mixin.py:188} INFO - {'sku_first_date': '2024-02-03', 'vendorCode': 'K.LngReg.FuckOff/Green.01/'} <class 'dict'>
[2024-07-23T07:22:55.391+0000] {logging_mixin.py:188} INFO - {'sku_first_date': '2024-06-01', 'vendorCode': 'K.Ts.Romance/Pink.01/'} <class 'dict'>
[2024-07-23T07:22:55.391+0000] {logging_mixin.py:188} INFO - {'sku_first_date': '2024-05-04', 'vendorCode': 'K.Ts.Duck/Light.Grey.01/'} <class 'dict'>
[2024-07-23T07:22:55.391+0000] {logging_mixin.py:188} INFO - {'sku_first_date': '2024-02-03', 'vendorCode': 'K.Ts.ChelPauk/Black.01/'} <class 'dict'>
[2024-07-23T07:22:55.391+0000] {logging_mixin.py:188} INFO - {'sku_first_date': '2024-06-01', 'vendorCode': 'K.Ts.Rose/Pink.01/'} <class 'dict'>
[2024-07-23T07:22:55.392+0000] {logging_mixin.py:188} INFO - {'sku_first_date': '2024-06-01', 'vendorCode': 'K.Ts.Ferrari/Yellow.01/'} <class 'dict'>
[2024-07-23T07:22:55.392+0000] {logging_mixin.py:188} INFO - {'sku_first_date': '2023-11-18', 'vendorCode': 'K.LngReg.NP/Brown.black/'} <class 'dict'>
[2024-07-23T07:22:55.392+0000] {logging_mixin.py:188} INFO - {'sku_first_date': '2023-10-27', 'vendorCode': 'K.LngReg.NP/Melange/'} <class 'dict'>
[2024-07-23T07:22:55.392+0000] {logging_mixin.py:188} INFO - {'sku_first_date': '2023-10-26', 'vendorCode': 'K.LngReg.SeamLogo/Black.01/'} <class 'dict'>
[2024-07-23T07:22:55.392+0000] {logging_mixin.py:188} INFO - {'sku_first_date': '2023-11-02', 'vendorCode': 'K.Ts.DontAlone/Blue.01/'} <class 'dict'>
[2024-07-23T07:22:55.392+0000] {logging_mixin.py:188} INFO - {'sku_first_date': '2024-06-01', 'vendorCode': 'K.Ts.Loyal/Yellow.01/'} <class 'dict'>
[2024-07-23T07:22:55.393+0000] {logging_mixin.py:188} INFO - {'sku_first_date': '2021-11-08', 'vendorCode': 'К.RCK.09.Ts1502.0180/Black.01/'} <class 'dict'>
[2024-07-23T07:22:55.393+0000] {logging_mixin.py:188} INFO - {'sku_first_date': '2023-11-18', 'vendorCode': 'K.LngReg.NP/Beige.green/'} <class 'dict'>
[2024-07-23T07:22:55.393+0000] {logging_mixin.py:188} INFO - {'sku_first_date': '2024-05-22', 'vendorCode': 'K.LngReg.Moscow/Brown.01/'} <class 'dict'>
[2024-07-23T07:22:55.393+0000] {logging_mixin.py:188} INFO - {'sku_first_date': '2023-10-01', 'vendorCode': 'K.Ts.Angelic/Khaki.01/'} <class 'dict'>
[2024-07-23T07:22:55.393+0000] {logging_mixin.py:188} INFO - {'sku_first_date': '2021-07-08', 'vendorCode': 'К.PVZ.01.Ts0901.0180/Black.01/'} <class 'dict'>
[2024-07-23T07:23:10.649+0000] {blocking_connection.py:802} INFO - Closing connection (200): Normal shutdown
[2024-07-23T07:23:10.651+0000] {channel.py:536} INFO - Closing channel (200): 'Normal shutdown' on <Channel number=1 OPEN conn=<SelectConnection OPEN transport=<pika.adapters.utils.io_services_utils._AsyncPlaintextTransport object at 0x7f05f5d5bd70> params=<ConnectionParameters host=rabbitmq port=5672 virtual_host=/ ssl=False>>>
[2024-07-23T07:23:10.653+0000] {channel.py:1133} INFO - Received <Channel.CloseOk> on <Channel number=1 CLOSING conn=<SelectConnection OPEN transport=<pika.adapters.utils.io_services_utils._AsyncPlaintextTransport object at 0x7f05f5d5bd70> params=<ConnectionParameters host=rabbitmq port=5672 virtual_host=/ ssl=False>>>
[2024-07-23T07:23:10.653+0000] {connection.py:1316} INFO - Closing connection (200): 'Normal shutdown'
[2024-07-23T07:23:10.657+0000] {io_services_utils.py:731} INFO - Aborting transport connection: state=1; <socket.socket fd=94, family=2, type=1, proto=6, laddr=('172.21.0.6', 54606), raddr=('172.21.0.2', 5672)>
[2024-07-23T07:23:10.658+0000] {io_services_utils.py:904} INFO - _AsyncTransportBase._initate_abort(): Initiating abrupt asynchronous transport shutdown: state=1; error=None; <socket.socket fd=94, family=2, type=1, proto=6, laddr=('172.21.0.6', 54606), raddr=('172.21.0.2', 5672)>
[2024-07-23T07:23:10.658+0000] {io_services_utils.py:869} INFO - Deactivating transport: state=1; <socket.socket fd=94, family=2, type=1, proto=6, laddr=('172.21.0.6', 54606), raddr=('172.21.0.2', 5672)>
[2024-07-23T07:23:10.658+0000] {connection.py:2017} INFO - AMQP stack terminated, failed to connect, or aborted: opened=True, error-arg=None; pending-error=ConnectionClosedByClient: (200) 'Normal shutdown'
[2024-07-23T07:23:10.659+0000] {connection.py:2086} INFO - Stack terminated due to ConnectionClosedByClient: (200) 'Normal shutdown'
[2024-07-23T07:23:10.661+0000] {io_services_utils.py:882} INFO - Closing transport socket and unlinking: state=3; <socket.socket fd=94, family=2, type=1, proto=6, laddr=('172.21.0.6', 54606), raddr=('172.21.0.2', 5672)>
[2024-07-23T07:23:10.661+0000] {blocking_connection.py:525} INFO - User-initiated close: result=(<SelectConnection CLOSED transport=None params=<ConnectionParameters host=rabbitmq port=5672 virtual_host=/ ssl=False>>, ConnectionClosedByClient: (200) 'Normal shutdown')
[2024-07-23T07:23:10.662+0000] {python.py:237} INFO - Done. Returned value was: None
[2024-07-23T07:23:10.662+0000] {taskinstance.py:441} INFO - ::group::Post task execution logs
[2024-07-23T07:23:10.678+0000] {taskinstance.py:1205} INFO - Marking task as SUCCESS. dag_id=send_message_and_calculate_ABC, task_id=send_message_and_calculate_ABC, execution_date=20240723T072248, start_date=20240723T072249, end_date=20240723T072310
[2024-07-23T07:23:10.706+0000] {local_task_job_runner.py:240} INFO - Task exited with return code 0
[2024-07-23T07:23:10.728+0000] {taskinstance.py:3482} INFO - 0 downstream tasks scheduled from follow-on schedule check
[2024-07-23T07:23:10.729+0000] {local_task_job_runner.py:222} INFO - ::endgroup::
