[2024-07-23T07:33:02.732+0000] {local_task_job_runner.py:120} INFO - ::group::Pre task execution logs
[2024-07-23T07:33:02.761+0000] {taskinstance.py:2073} INFO - Dependencies all met for dep_context=non-requeueable deps ti=<TaskInstance: send_message_and_calculate_ABC.send_message_and_calculate_ABC manual__2024-07-23T07:33:00.724187+00:00 [queued]>
[2024-07-23T07:33:02.770+0000] {taskinstance.py:2073} INFO - Dependencies all met for dep_context=requeueable deps ti=<TaskInstance: send_message_and_calculate_ABC.send_message_and_calculate_ABC manual__2024-07-23T07:33:00.724187+00:00 [queued]>
[2024-07-23T07:33:02.770+0000] {taskinstance.py:2303} INFO - Starting attempt 1 of 6
[2024-07-23T07:33:02.784+0000] {taskinstance.py:2327} INFO - Executing <Task(PythonOperator): send_message_and_calculate_ABC> on 2024-07-23 07:33:00.724187+00:00
[2024-07-23T07:33:02.794+0000] {warnings.py:110} WARNING - /home/***/.local/lib/python3.12/site-packages/***/task/task_runner/standard_task_runner.py:61: DeprecationWarning: This process (pid=151773) is multi-threaded, use of fork() may lead to deadlocks in the child.
  pid = os.fork()

[2024-07-23T07:33:02.795+0000] {standard_task_runner.py:63} INFO - Started process 151775 to run task
[2024-07-23T07:33:02.796+0000] {standard_task_runner.py:90} INFO - Running: ['***', 'tasks', 'run', 'send_message_and_calculate_ABC', 'send_message_and_calculate_ABC', 'manual__2024-07-23T07:33:00.724187+00:00', '--job-id', '2683', '--raw', '--subdir', 'DAGS_FOLDER/send_message_and_calculate_ABC.py', '--cfg-path', '/tmp/tmpx4iqd7om']
[2024-07-23T07:33:02.798+0000] {standard_task_runner.py:91} INFO - Job 2683: Subtask send_message_and_calculate_ABC
[2024-07-23T07:33:02.858+0000] {task_command.py:426} INFO - Running <TaskInstance: send_message_and_calculate_ABC.send_message_and_calculate_ABC manual__2024-07-23T07:33:00.724187+00:00 [running]> on host d40bdb4a74ef
[2024-07-23T07:33:02.996+0000] {taskinstance.py:2644} INFO - Exporting env vars: AIRFLOW_CTX_DAG_OWNER='***' AIRFLOW_CTX_DAG_ID='send_message_and_calculate_ABC' AIRFLOW_CTX_TASK_ID='send_message_and_calculate_ABC' AIRFLOW_CTX_EXECUTION_DATE='2024-07-23T07:33:00.724187+00:00' AIRFLOW_CTX_TRY_NUMBER='1' AIRFLOW_CTX_DAG_RUN_ID='manual__2024-07-23T07:33:00.724187+00:00'
[2024-07-23T07:33:03.010+0000] {taskinstance.py:430} INFO - ::endgroup::
[2024-07-23T07:33:03.066+0000] {logging_mixin.py:188} INFO - ##################
[2024-07-23T07:33:08.512+0000] {logging_mixin.py:188} INFO - 2023-10-01
[2024-07-23T07:33:08.513+0000] {logging_mixin.py:188} INFO - 2023-10-01 296 else
[2024-07-23T07:33:08.513+0000] {logging_mixin.py:188} INFO - 2021-08-30
[2024-07-23T07:33:08.513+0000] {logging_mixin.py:188} INFO - 2021-08-30 1058 else
[2024-07-23T07:33:08.514+0000] {logging_mixin.py:188} INFO - 2021-10-21
[2024-07-23T07:33:08.514+0000] {logging_mixin.py:188} INFO - 2021-10-21 1006 else
[2024-07-23T07:33:08.515+0000] {logging_mixin.py:188} INFO - 2024-06-15
[2024-07-23T07:33:08.516+0000] {logging_mixin.py:188} INFO - 2024-06-15 38 else
[2024-07-23T07:33:08.516+0000] {logging_mixin.py:188} INFO - 2024-02-28
[2024-07-23T07:33:08.516+0000] {logging_mixin.py:188} INFO - 2024-02-28 146 else
[2024-07-23T07:33:08.516+0000] {logging_mixin.py:188} INFO - 2023-09-27
[2024-07-23T07:33:08.517+0000] {logging_mixin.py:188} INFO - 2023-09-27 300 else
[2024-07-23T07:33:08.517+0000] {logging_mixin.py:188} INFO - 2023-09-27
[2024-07-23T07:33:08.517+0000] {logging_mixin.py:188} INFO - 2023-09-27 300 else
[2024-07-23T07:33:08.517+0000] {logging_mixin.py:188} INFO - 2021-11-08
[2024-07-23T07:33:08.517+0000] {logging_mixin.py:188} INFO - 2021-11-08 988 else
[2024-07-23T07:33:08.518+0000] {logging_mixin.py:188} INFO - 2024-02-28
[2024-07-23T07:33:08.518+0000] {logging_mixin.py:188} INFO - 2024-02-28 146 else
[2024-07-23T07:33:08.518+0000] {logging_mixin.py:188} INFO - 2024-02-03
[2024-07-23T07:33:08.518+0000] {logging_mixin.py:188} INFO - 2024-02-03 171 else
[2024-07-23T07:33:08.518+0000] {logging_mixin.py:188} INFO - 2023-10-07
[2024-07-23T07:33:08.518+0000] {logging_mixin.py:188} INFO - 2023-10-07 290 else
[2024-07-23T07:33:08.518+0000] {logging_mixin.py:188} INFO - 2023-11-25
[2024-07-23T07:33:08.519+0000] {logging_mixin.py:188} INFO - 2023-11-25 241 else
[2024-07-23T07:33:08.519+0000] {logging_mixin.py:188} INFO - 2024-02-03
[2024-07-23T07:33:08.519+0000] {logging_mixin.py:188} INFO - 2024-02-03 171 else
[2024-07-23T07:33:08.519+0000] {logging_mixin.py:188} INFO - 2023-09-19
[2024-07-23T07:33:08.519+0000] {logging_mixin.py:188} INFO - 2023-09-19 308 else
[2024-07-23T07:33:08.519+0000] {logging_mixin.py:188} INFO - 2024-06-01
[2024-07-23T07:33:08.520+0000] {logging_mixin.py:188} INFO - 2024-06-01 52 else
[2024-07-23T07:33:08.520+0000] {logging_mixin.py:188} INFO - 2024-02-03
[2024-07-23T07:33:08.520+0000] {logging_mixin.py:188} INFO - 2024-02-03 171 else
[2024-07-23T07:33:08.520+0000] {logging_mixin.py:188} INFO - 2023-11-27
[2024-07-23T07:33:08.520+0000] {logging_mixin.py:188} INFO - 2023-11-27 239 else
[2024-07-23T07:33:08.520+0000] {logging_mixin.py:188} INFO - 2024-02-03
[2024-07-23T07:33:08.521+0000] {logging_mixin.py:188} INFO - 2024-02-03 171 else
[2024-07-23T07:33:08.521+0000] {logging_mixin.py:188} INFO - 2023-06-06
[2024-07-23T07:33:08.521+0000] {logging_mixin.py:188} INFO - 2023-06-06 413 else
[2024-07-23T07:33:08.521+0000] {logging_mixin.py:188} INFO - 2024-06-27
[2024-07-23T07:33:08.521+0000] {logging_mixin.py:188} INFO - 2024-06-27 26 else
[2024-07-23T07:33:08.521+0000] {logging_mixin.py:188} INFO - 2023-09-26
[2024-07-23T07:33:08.522+0000] {logging_mixin.py:188} INFO - 2023-09-26 301 else
[2024-07-23T07:33:08.522+0000] {logging_mixin.py:188} INFO - 2023-11-25
[2024-07-23T07:33:08.522+0000] {logging_mixin.py:188} INFO - 2023-11-25 241 else
[2024-07-23T07:33:08.522+0000] {logging_mixin.py:188} INFO - 2024-06-15
[2024-07-23T07:33:08.522+0000] {logging_mixin.py:188} INFO - 2024-06-15 38 else
[2024-07-23T07:33:08.522+0000] {logging_mixin.py:188} INFO - 2024-07-10
[2024-07-23T07:33:08.522+0000] {logging_mixin.py:188} INFO - 2024-07-10 13 else
[2024-07-23T07:33:08.523+0000] {logging_mixin.py:188} INFO - 2023-12-02
[2024-07-23T07:33:08.523+0000] {logging_mixin.py:188} INFO - 2023-12-02 234 else
[2024-07-23T07:33:08.523+0000] {logging_mixin.py:188} INFO - 2023-11-27
[2024-07-23T07:33:08.523+0000] {logging_mixin.py:188} INFO - 2023-11-27 239 else
[2024-07-23T07:33:08.523+0000] {logging_mixin.py:188} INFO - 2023-09-19
[2024-07-23T07:33:08.523+0000] {logging_mixin.py:188} INFO - 2023-09-19 308 else
[2024-07-23T07:33:08.524+0000] {logging_mixin.py:188} INFO - 2024-02-28
[2024-07-23T07:33:08.524+0000] {logging_mixin.py:188} INFO - 2024-02-28 146 else
[2024-07-23T07:33:08.524+0000] {logging_mixin.py:188} INFO - 2023-11-25
[2024-07-23T07:33:08.524+0000] {logging_mixin.py:188} INFO - 2023-11-25 241 else
[2024-07-23T07:33:08.524+0000] {logging_mixin.py:188} INFO - 2023-10-11
[2024-07-23T07:33:08.524+0000] {logging_mixin.py:188} INFO - 2023-10-11 286 else
[2024-07-23T07:33:08.524+0000] {logging_mixin.py:188} INFO - 2024-02-03
[2024-07-23T07:33:08.525+0000] {logging_mixin.py:188} INFO - 2024-02-03 171 else
[2024-07-23T07:33:08.525+0000] {logging_mixin.py:188} INFO - 2024-07-10
[2024-07-23T07:33:08.525+0000] {logging_mixin.py:188} INFO - 2024-07-10 13 else
[2024-07-23T07:33:08.525+0000] {logging_mixin.py:188} INFO - 2024-02-28
[2024-07-23T07:33:08.525+0000] {logging_mixin.py:188} INFO - 2024-02-28 146 else
[2024-07-23T07:33:08.525+0000] {logging_mixin.py:188} INFO - 2023-04-20
[2024-07-23T07:33:08.525+0000] {logging_mixin.py:188} INFO - 2023-04-20 460 else
[2024-07-23T07:33:08.526+0000] {logging_mixin.py:188} INFO - 2024-02-03
[2024-07-23T07:33:08.526+0000] {logging_mixin.py:188} INFO - 2024-02-03 171 else
[2024-07-23T07:33:08.526+0000] {logging_mixin.py:188} INFO - 2024-05-04
[2024-07-23T07:33:08.526+0000] {logging_mixin.py:188} INFO - 2024-05-04 80 else
[2024-07-23T07:33:08.526+0000] {logging_mixin.py:188} INFO - 2024-02-28
[2024-07-23T07:33:08.526+0000] {logging_mixin.py:188} INFO - 2024-02-28 146 else
[2024-07-23T07:33:08.526+0000] {logging_mixin.py:188} INFO - 2024-02-03
[2024-07-23T07:33:08.527+0000] {logging_mixin.py:188} INFO - 2024-02-03 171 else
[2024-07-23T07:33:08.527+0000] {logging_mixin.py:188} INFO - 2024-05-04
[2024-07-23T07:33:08.527+0000] {logging_mixin.py:188} INFO - 2024-05-04 80 else
[2024-07-23T07:33:08.527+0000] {logging_mixin.py:188} INFO - 2024-02-28
[2024-07-23T07:33:08.527+0000] {logging_mixin.py:188} INFO - 2024-02-28 146 else
[2024-07-23T07:33:08.527+0000] {logging_mixin.py:188} INFO - 2024-06-02
[2024-07-23T07:33:08.527+0000] {logging_mixin.py:188} INFO - 2024-06-02 51 else
[2024-07-23T07:33:08.528+0000] {logging_mixin.py:188} INFO - 2024-07-10
[2024-07-23T07:33:08.528+0000] {logging_mixin.py:188} INFO - 2024-07-10 13 else
[2024-07-23T07:33:08.528+0000] {logging_mixin.py:188} INFO - 2021-07-28
[2024-07-23T07:33:08.528+0000] {logging_mixin.py:188} INFO - 2021-07-28 1091 else
[2024-07-23T07:33:08.528+0000] {logging_mixin.py:188} INFO - 2024-02-28
[2024-07-23T07:33:08.528+0000] {logging_mixin.py:188} INFO - 2024-02-28 146 else
[2024-07-23T07:33:08.529+0000] {logging_mixin.py:188} INFO - 2023-10-13
[2024-07-23T07:33:08.529+0000] {logging_mixin.py:188} INFO - 2023-10-13 284 else
[2024-07-23T07:33:08.529+0000] {logging_mixin.py:188} INFO - 2023-11-25
[2024-07-23T07:33:08.529+0000] {logging_mixin.py:188} INFO - 2023-11-25 241 else
[2024-07-23T07:33:08.529+0000] {logging_mixin.py:188} INFO - 2023-11-25
[2024-07-23T07:33:08.529+0000] {logging_mixin.py:188} INFO - 2023-11-25 241 else
[2024-07-23T07:33:08.530+0000] {logging_mixin.py:188} INFO - 2024-02-27
[2024-07-23T07:33:08.530+0000] {logging_mixin.py:188} INFO - 2024-02-27 147 else
[2024-07-23T07:33:08.530+0000] {logging_mixin.py:188} INFO - 2024-02-28
[2024-07-23T07:33:08.530+0000] {logging_mixin.py:188} INFO - 2024-02-28 146 else
[2024-07-23T07:33:08.530+0000] {logging_mixin.py:188} INFO - 2024-05-04
[2024-07-23T07:33:08.530+0000] {logging_mixin.py:188} INFO - 2024-05-04 80 else
[2024-07-23T07:33:08.530+0000] {logging_mixin.py:188} INFO - 2023-10-01
[2024-07-23T07:33:08.531+0000] {logging_mixin.py:188} INFO - 2023-10-01 296 else
[2024-07-23T07:33:08.531+0000] {logging_mixin.py:188} INFO - 2024-06-27
[2024-07-23T07:33:08.531+0000] {logging_mixin.py:188} INFO - 2024-06-27 26 else
[2024-07-23T07:33:08.531+0000] {logging_mixin.py:188} INFO - 2024-02-03
[2024-07-23T07:33:08.531+0000] {logging_mixin.py:188} INFO - 2024-02-03 171 else
[2024-07-23T07:33:08.531+0000] {logging_mixin.py:188} INFO - 2023-09-27
[2024-07-23T07:33:08.531+0000] {logging_mixin.py:188} INFO - 2023-09-27 300 else
[2024-07-23T07:33:08.532+0000] {logging_mixin.py:188} INFO - 2023-09-27
[2024-07-23T07:33:08.532+0000] {logging_mixin.py:188} INFO - 2023-09-27 300 else
[2024-07-23T07:33:08.532+0000] {logging_mixin.py:188} INFO - 2024-05-04
[2024-07-23T07:33:08.532+0000] {logging_mixin.py:188} INFO - 2024-05-04 80 else
[2024-07-23T07:33:08.532+0000] {logging_mixin.py:188} INFO - 2024-06-01
[2024-07-23T07:33:08.532+0000] {logging_mixin.py:188} INFO - 2024-06-01 52 else
[2024-07-23T07:33:08.532+0000] {logging_mixin.py:188} INFO - 2023-06-06
[2024-07-23T07:33:08.533+0000] {logging_mixin.py:188} INFO - 2023-06-06 413 else
[2024-07-23T07:33:08.533+0000] {logging_mixin.py:188} INFO - 2023-05-23
[2024-07-23T07:33:08.533+0000] {logging_mixin.py:188} INFO - 2023-05-23 427 else
[2024-07-23T07:33:08.533+0000] {logging_mixin.py:188} INFO - 2024-07-10
[2024-07-23T07:33:08.533+0000] {logging_mixin.py:188} INFO - 2024-07-10 13 else
[2024-07-23T07:33:08.533+0000] {logging_mixin.py:188} INFO - 2023-11-18
[2024-07-23T07:33:08.534+0000] {logging_mixin.py:188} INFO - 2023-11-18 248 else
[2024-07-23T07:33:08.534+0000] {logging_mixin.py:188} INFO - 2023-12-05
[2024-07-23T07:33:08.534+0000] {logging_mixin.py:188} INFO - 2023-12-05 231 else
[2024-07-23T07:33:08.534+0000] {logging_mixin.py:188} INFO - 2023-12-05
[2024-07-23T07:33:08.534+0000] {logging_mixin.py:188} INFO - 2023-12-05 231 else
[2024-07-23T07:33:08.534+0000] {logging_mixin.py:188} INFO - 2023-11-25
[2024-07-23T07:33:08.534+0000] {logging_mixin.py:188} INFO - 2023-11-25 241 else
[2024-07-23T07:33:08.535+0000] {logging_mixin.py:188} INFO - 2023-11-25
[2024-07-23T07:33:08.535+0000] {logging_mixin.py:188} INFO - 2023-11-25 241 else
[2024-07-23T07:33:08.535+0000] {logging_mixin.py:188} INFO - 2024-02-03
[2024-07-23T07:33:08.535+0000] {logging_mixin.py:188} INFO - 2024-02-03 171 else
[2024-07-23T07:33:08.535+0000] {logging_mixin.py:188} INFO - 2024-02-28
[2024-07-23T07:33:08.535+0000] {logging_mixin.py:188} INFO - 2024-02-28 146 else
[2024-07-23T07:33:08.536+0000] {logging_mixin.py:188} INFO - 2023-11-27
[2024-07-23T07:33:08.536+0000] {logging_mixin.py:188} INFO - 2023-11-27 239 else
[2024-07-23T07:33:08.536+0000] {logging_mixin.py:188} INFO - 2024-06-01
[2024-07-23T07:33:08.536+0000] {logging_mixin.py:188} INFO - 2024-06-01 52 else
[2024-07-23T07:33:08.536+0000] {logging_mixin.py:188} INFO - 2024-02-28
[2024-07-23T07:33:08.536+0000] {logging_mixin.py:188} INFO - 2024-02-28 146 else
[2024-07-23T07:33:08.536+0000] {logging_mixin.py:188} INFO - 2024-02-28
[2024-07-23T07:33:08.537+0000] {logging_mixin.py:188} INFO - 2024-02-28 146 else
[2024-07-23T07:33:08.537+0000] {logging_mixin.py:188} INFO - 2024-05-04
[2024-07-23T07:33:08.537+0000] {logging_mixin.py:188} INFO - 2024-05-04 80 else
[2024-07-23T07:33:08.537+0000] {logging_mixin.py:188} INFO - 2023-11-02
[2024-07-23T07:33:08.537+0000] {logging_mixin.py:188} INFO - 2023-11-02 264 else
[2024-07-23T07:33:08.537+0000] {logging_mixin.py:188} INFO - 2023-11-02
[2024-07-23T07:33:08.537+0000] {logging_mixin.py:188} INFO - 2023-11-02 264 else
[2024-07-23T07:33:08.538+0000] {logging_mixin.py:188} INFO - 2023-09-27
[2024-07-23T07:33:08.538+0000] {logging_mixin.py:188} INFO - 2023-09-27 300 else
[2024-07-23T07:33:08.538+0000] {logging_mixin.py:188} INFO - 2023-11-02
[2024-07-23T07:33:08.538+0000] {logging_mixin.py:188} INFO - 2023-11-02 264 else
[2024-07-23T07:33:08.538+0000] {logging_mixin.py:188} INFO - 2023-10-13
[2024-07-23T07:33:08.538+0000] {logging_mixin.py:188} INFO - 2023-10-13 284 else
[2024-07-23T07:33:08.539+0000] {logging_mixin.py:188} INFO - 2024-02-03
[2024-07-23T07:33:08.539+0000] {logging_mixin.py:188} INFO - 2024-02-03 171 else
[2024-07-23T07:33:08.539+0000] {logging_mixin.py:188} INFO - 2023-10-26
[2024-07-23T07:33:08.539+0000] {logging_mixin.py:188} INFO - 2023-10-26 271 else
[2024-07-23T07:33:08.539+0000] {logging_mixin.py:188} INFO - 2024-05-04
[2024-07-23T07:33:08.539+0000] {logging_mixin.py:188} INFO - 2024-05-04 80 else
[2024-07-23T07:33:08.539+0000] {logging_mixin.py:188} INFO - 2024-02-28
[2024-07-23T07:33:08.540+0000] {logging_mixin.py:188} INFO - 2024-02-28 146 else
[2024-07-23T07:33:08.540+0000] {logging_mixin.py:188} INFO - 2024-05-04
[2024-07-23T07:33:08.540+0000] {logging_mixin.py:188} INFO - 2024-05-04 80 else
[2024-07-23T07:33:08.540+0000] {logging_mixin.py:188} INFO - 2024-02-27
[2024-07-23T07:33:08.540+0000] {logging_mixin.py:188} INFO - 2024-02-27 147 else
[2024-07-23T07:33:08.540+0000] {logging_mixin.py:188} INFO - 2023-09-19
[2024-07-23T07:33:08.540+0000] {logging_mixin.py:188} INFO - 2023-09-19 308 else
[2024-07-23T07:33:08.540+0000] {logging_mixin.py:188} INFO - 2023-11-02
[2024-07-23T07:33:08.541+0000] {logging_mixin.py:188} INFO - 2023-11-02 264 else
[2024-07-23T07:33:08.541+0000] {logging_mixin.py:188} INFO - 2021-09-28
[2024-07-23T07:33:08.541+0000] {logging_mixin.py:188} INFO - 2021-09-28 1029 else
[2024-07-23T07:33:08.541+0000] {logging_mixin.py:188} INFO - 2021-11-08
[2024-07-23T07:33:08.541+0000] {logging_mixin.py:188} INFO - 2021-11-08 988 else
[2024-07-23T07:33:08.541+0000] {logging_mixin.py:188} INFO - 2024-02-28
[2024-07-23T07:33:08.542+0000] {logging_mixin.py:188} INFO - 2024-02-28 146 else
[2024-07-23T07:33:08.542+0000] {logging_mixin.py:188} INFO - 2024-02-27
[2024-07-23T07:33:08.542+0000] {logging_mixin.py:188} INFO - 2024-02-27 147 else
[2024-07-23T07:33:08.542+0000] {logging_mixin.py:188} INFO - 2024-05-04
[2024-07-23T07:33:08.542+0000] {logging_mixin.py:188} INFO - 2024-05-04 80 else
[2024-07-23T07:33:08.542+0000] {logging_mixin.py:188} INFO - 2023-11-18
[2024-07-23T07:33:08.542+0000] {logging_mixin.py:188} INFO - 2023-11-18 248 else
[2024-07-23T07:33:08.542+0000] {logging_mixin.py:188} INFO - 2023-10-07
[2024-07-23T07:33:08.543+0000] {logging_mixin.py:188} INFO - 2023-10-07 290 else
[2024-07-23T07:33:08.543+0000] {logging_mixin.py:188} INFO - 2024-05-04
[2024-07-23T07:33:08.543+0000] {logging_mixin.py:188} INFO - 2024-05-04 80 else
[2024-07-23T07:33:08.543+0000] {logging_mixin.py:188} INFO - 2024-06-15
[2024-07-23T07:33:08.543+0000] {logging_mixin.py:188} INFO - 2024-06-15 38 else
[2024-07-23T07:33:08.543+0000] {logging_mixin.py:188} INFO - 2023-09-19
[2024-07-23T07:33:08.544+0000] {logging_mixin.py:188} INFO - 2023-09-19 308 else
[2024-07-23T07:33:08.544+0000] {logging_mixin.py:188} INFO - 2024-06-01
[2024-07-23T07:33:08.544+0000] {logging_mixin.py:188} INFO - 2024-06-01 52 else
[2024-07-23T07:33:08.544+0000] {logging_mixin.py:188} INFO - 2024-02-28
[2024-07-23T07:33:08.544+0000] {logging_mixin.py:188} INFO - 2024-02-28 146 else
[2024-07-23T07:33:08.544+0000] {logging_mixin.py:188} INFO - 2024-02-03
[2024-07-23T07:33:08.544+0000] {logging_mixin.py:188} INFO - 2024-02-03 171 else
[2024-07-23T07:33:08.545+0000] {logging_mixin.py:188} INFO - 2024-06-27
[2024-07-23T07:33:08.545+0000] {logging_mixin.py:188} INFO - 2024-06-27 26 else
[2024-07-23T07:33:08.545+0000] {logging_mixin.py:188} INFO - 2023-11-18
[2024-07-23T07:33:08.545+0000] {logging_mixin.py:188} INFO - 2023-11-18 248 else
[2024-07-23T07:33:08.545+0000] {logging_mixin.py:188} INFO - 2023-04-19
[2024-07-23T07:33:08.545+0000] {logging_mixin.py:188} INFO - 2023-04-19 461 else
[2024-07-23T07:33:08.546+0000] {logging_mixin.py:188} INFO - 2023-10-26
[2024-07-23T07:33:08.546+0000] {logging_mixin.py:188} INFO - 2023-10-26 271 else
[2024-07-23T07:33:08.546+0000] {logging_mixin.py:188} INFO - 2024-07-10
[2024-07-23T07:33:08.546+0000] {logging_mixin.py:188} INFO - 2024-07-10 13 else
[2024-07-23T07:33:08.546+0000] {logging_mixin.py:188} INFO - 2024-02-27
[2024-07-23T07:33:08.546+0000] {logging_mixin.py:188} INFO - 2024-02-27 147 else
[2024-07-23T07:33:08.547+0000] {logging_mixin.py:188} INFO - 2023-10-01
[2024-07-23T07:33:08.547+0000] {logging_mixin.py:188} INFO - 2023-10-01 296 else
[2024-07-23T07:33:08.547+0000] {logging_mixin.py:188} INFO - 2024-02-03
[2024-07-23T07:33:08.547+0000] {logging_mixin.py:188} INFO - 2024-02-03 171 else
[2024-07-23T07:33:08.547+0000] {logging_mixin.py:188} INFO - 2024-02-27
[2024-07-23T07:33:08.547+0000] {logging_mixin.py:188} INFO - 2024-02-27 147 else
[2024-07-23T07:33:08.548+0000] {logging_mixin.py:188} INFO - 2024-05-04
[2024-07-23T07:33:08.548+0000] {logging_mixin.py:188} INFO - 2024-05-04 80 else
[2024-07-23T07:33:08.548+0000] {logging_mixin.py:188} INFO - 2024-05-04
[2024-07-23T07:33:08.548+0000] {logging_mixin.py:188} INFO - 2024-05-04 80 else
[2024-07-23T07:33:08.548+0000] {logging_mixin.py:188} INFO - 2024-06-14
[2024-07-23T07:33:08.548+0000] {logging_mixin.py:188} INFO - 2024-06-14 39 else
[2024-07-23T07:33:08.549+0000] {logging_mixin.py:188} INFO - 2024-05-04
[2024-07-23T07:33:08.549+0000] {logging_mixin.py:188} INFO - 2024-05-04 80 else
[2024-07-23T07:33:08.549+0000] {logging_mixin.py:188} INFO - 2024-05-04
[2024-07-23T07:33:08.549+0000] {logging_mixin.py:188} INFO - 2024-05-04 80 else
[2024-07-23T07:33:08.549+0000] {logging_mixin.py:188} INFO - 2021-08-30
[2024-07-23T07:33:08.549+0000] {logging_mixin.py:188} INFO - 2021-08-30 1058 else
[2024-07-23T07:33:08.550+0000] {logging_mixin.py:188} INFO - 2024-02-28
[2024-07-23T07:33:08.550+0000] {logging_mixin.py:188} INFO - 2024-02-28 146 else
[2024-07-23T07:33:08.550+0000] {logging_mixin.py:188} INFO - 2023-10-06
[2024-07-23T07:33:08.550+0000] {logging_mixin.py:188} INFO - 2023-10-06 291 else
[2024-07-23T07:33:08.550+0000] {logging_mixin.py:188} INFO - 2024-02-28
[2024-07-23T07:33:08.550+0000] {logging_mixin.py:188} INFO - 2024-02-28 146 else
[2024-07-23T07:33:08.551+0000] {logging_mixin.py:188} INFO - 2023-09-27
[2024-07-23T07:33:08.551+0000] {logging_mixin.py:188} INFO - 2023-09-27 300 else
[2024-07-23T07:33:08.551+0000] {logging_mixin.py:188} INFO - 2024-02-27
[2024-07-23T07:33:08.551+0000] {logging_mixin.py:188} INFO - 2024-02-27 147 else
[2024-07-23T07:33:08.551+0000] {logging_mixin.py:188} INFO - 2024-02-28
[2024-07-23T07:33:08.552+0000] {logging_mixin.py:188} INFO - 2024-02-28 146 else
[2024-07-23T07:33:08.552+0000] {logging_mixin.py:188} INFO - 2022-02-12
[2024-07-23T07:33:08.552+0000] {logging_mixin.py:188} INFO - 2022-02-12 892 else
[2024-07-23T07:33:08.552+0000] {logging_mixin.py:188} INFO - 2023-11-25
[2024-07-23T07:33:08.552+0000] {logging_mixin.py:188} INFO - 2023-11-25 241 else
[2024-07-23T07:33:08.552+0000] {logging_mixin.py:188} INFO - 2024-02-28
[2024-07-23T07:33:08.552+0000] {logging_mixin.py:188} INFO - 2024-02-28 146 else
[2024-07-23T07:33:08.553+0000] {logging_mixin.py:188} INFO - 2023-10-07
[2024-07-23T07:33:08.553+0000] {logging_mixin.py:188} INFO - 2023-10-07 290 else
[2024-07-23T07:33:08.553+0000] {logging_mixin.py:188} INFO - 2023-11-26
[2024-07-23T07:33:08.553+0000] {logging_mixin.py:188} INFO - 2023-11-26 240 else
[2024-07-23T07:33:08.553+0000] {logging_mixin.py:188} INFO - 2023-10-07
[2024-07-23T07:33:08.553+0000] {logging_mixin.py:188} INFO - 2023-10-07 290 else
[2024-07-23T07:33:08.554+0000] {logging_mixin.py:188} INFO - 2024-02-27
[2024-07-23T07:33:08.554+0000] {logging_mixin.py:188} INFO - 2024-02-27 147 else
[2024-07-23T07:33:08.554+0000] {logging_mixin.py:188} INFO - 2024-02-28
[2024-07-23T07:33:08.554+0000] {logging_mixin.py:188} INFO - 2024-02-28 146 else
[2024-07-23T07:33:08.554+0000] {logging_mixin.py:188} INFO - 2023-11-25
[2024-07-23T07:33:08.554+0000] {logging_mixin.py:188} INFO - 2023-11-25 241 else
[2024-07-23T07:33:08.554+0000] {logging_mixin.py:188} INFO - 2021-11-15
[2024-07-23T07:33:08.555+0000] {logging_mixin.py:188} INFO - 2021-11-15 981 else
[2024-07-23T07:33:08.555+0000] {logging_mixin.py:188} INFO - 2024-02-28
[2024-07-23T07:33:08.555+0000] {logging_mixin.py:188} INFO - 2024-02-28 146 else
[2024-07-23T07:33:08.555+0000] {logging_mixin.py:188} INFO - 2024-06-27
[2024-07-23T07:33:08.555+0000] {logging_mixin.py:188} INFO - 2024-06-27 26 else
[2024-07-23T07:33:08.555+0000] {logging_mixin.py:188} INFO - 2024-05-04
[2024-07-23T07:33:08.556+0000] {logging_mixin.py:188} INFO - 2024-05-04 80 else
[2024-07-23T07:33:08.556+0000] {logging_mixin.py:188} INFO - 2024-02-28
[2024-07-23T07:33:08.556+0000] {logging_mixin.py:188} INFO - 2024-02-28 146 else
[2024-07-23T07:33:08.556+0000] {logging_mixin.py:188} INFO - 2024-02-03
[2024-07-23T07:33:08.556+0000] {logging_mixin.py:188} INFO - 2024-02-03 171 else
[2024-07-23T07:33:08.556+0000] {logging_mixin.py:188} INFO - 2024-06-01
[2024-07-23T07:33:08.556+0000] {logging_mixin.py:188} INFO - 2024-06-01 52 else
[2024-07-23T07:33:08.557+0000] {logging_mixin.py:188} INFO - 2024-05-04
[2024-07-23T07:33:08.557+0000] {logging_mixin.py:188} INFO - 2024-05-04 80 else
[2024-07-23T07:33:08.557+0000] {logging_mixin.py:188} INFO - 2024-02-03
[2024-07-23T07:33:08.557+0000] {logging_mixin.py:188} INFO - 2024-02-03 171 else
[2024-07-23T07:33:08.557+0000] {logging_mixin.py:188} INFO - 2024-06-01
[2024-07-23T07:33:08.557+0000] {logging_mixin.py:188} INFO - 2024-06-01 52 else
[2024-07-23T07:33:08.557+0000] {logging_mixin.py:188} INFO - 2024-06-01
[2024-07-23T07:33:08.558+0000] {logging_mixin.py:188} INFO - 2024-06-01 52 else
[2024-07-23T07:33:08.558+0000] {logging_mixin.py:188} INFO - 2023-11-18
[2024-07-23T07:33:08.558+0000] {logging_mixin.py:188} INFO - 2023-11-18 248 else
[2024-07-23T07:33:08.558+0000] {logging_mixin.py:188} INFO - 2023-10-27
[2024-07-23T07:33:08.558+0000] {logging_mixin.py:188} INFO - 2023-10-27 270 else
[2024-07-23T07:33:08.558+0000] {logging_mixin.py:188} INFO - 2023-10-26
[2024-07-23T07:33:08.558+0000] {logging_mixin.py:188} INFO - 2023-10-26 271 else
[2024-07-23T07:33:08.558+0000] {logging_mixin.py:188} INFO - 2023-11-02
[2024-07-23T07:33:08.559+0000] {logging_mixin.py:188} INFO - 2023-11-02 264 else
[2024-07-23T07:33:08.559+0000] {logging_mixin.py:188} INFO - 2024-06-01
[2024-07-23T07:33:08.559+0000] {logging_mixin.py:188} INFO - 2024-06-01 52 else
[2024-07-23T07:33:08.559+0000] {logging_mixin.py:188} INFO - 2021-11-08
[2024-07-23T07:33:08.559+0000] {logging_mixin.py:188} INFO - 2021-11-08 988 else
[2024-07-23T07:33:08.559+0000] {logging_mixin.py:188} INFO - 2023-11-18
[2024-07-23T07:33:08.559+0000] {logging_mixin.py:188} INFO - 2023-11-18 248 else
[2024-07-23T07:33:08.560+0000] {logging_mixin.py:188} INFO - 2024-05-22
[2024-07-23T07:33:08.560+0000] {logging_mixin.py:188} INFO - 2024-05-22 62 else
[2024-07-23T07:33:08.560+0000] {logging_mixin.py:188} INFO - 2023-10-01
[2024-07-23T07:33:08.560+0000] {logging_mixin.py:188} INFO - 2023-10-01 296 else
[2024-07-23T07:33:08.560+0000] {logging_mixin.py:188} INFO - 2021-07-08
[2024-07-23T07:33:08.560+0000] {logging_mixin.py:188} INFO - 2021-07-08 1111 else
[2024-07-23T07:33:24.853+0000] {blocking_connection.py:802} INFO - Closing connection (200): Normal shutdown
[2024-07-23T07:33:24.856+0000] {channel.py:536} INFO - Closing channel (200): 'Normal shutdown' on <Channel number=1 OPEN conn=<SelectConnection OPEN transport=<pika.adapters.utils.io_services_utils._AsyncPlaintextTransport object at 0x7f05f5d5eff0> params=<ConnectionParameters host=rabbitmq port=5672 virtual_host=/ ssl=False>>>
[2024-07-23T07:33:24.857+0000] {channel.py:1133} INFO - Received <Channel.CloseOk> on <Channel number=1 CLOSING conn=<SelectConnection OPEN transport=<pika.adapters.utils.io_services_utils._AsyncPlaintextTransport object at 0x7f05f5d5eff0> params=<ConnectionParameters host=rabbitmq port=5672 virtual_host=/ ssl=False>>>
[2024-07-23T07:33:24.858+0000] {connection.py:1316} INFO - Closing connection (200): 'Normal shutdown'
[2024-07-23T07:33:24.861+0000] {io_services_utils.py:731} INFO - Aborting transport connection: state=1; <socket.socket fd=94, family=2, type=1, proto=6, laddr=('172.21.0.6', 43952), raddr=('172.21.0.2', 5672)>
[2024-07-23T07:33:24.862+0000] {io_services_utils.py:904} INFO - _AsyncTransportBase._initate_abort(): Initiating abrupt asynchronous transport shutdown: state=1; error=None; <socket.socket fd=94, family=2, type=1, proto=6, laddr=('172.21.0.6', 43952), raddr=('172.21.0.2', 5672)>
[2024-07-23T07:33:24.862+0000] {io_services_utils.py:869} INFO - Deactivating transport: state=1; <socket.socket fd=94, family=2, type=1, proto=6, laddr=('172.21.0.6', 43952), raddr=('172.21.0.2', 5672)>
[2024-07-23T07:33:24.862+0000] {connection.py:2017} INFO - AMQP stack terminated, failed to connect, or aborted: opened=True, error-arg=None; pending-error=ConnectionClosedByClient: (200) 'Normal shutdown'
[2024-07-23T07:33:24.863+0000] {connection.py:2086} INFO - Stack terminated due to ConnectionClosedByClient: (200) 'Normal shutdown'
[2024-07-23T07:33:24.865+0000] {io_services_utils.py:882} INFO - Closing transport socket and unlinking: state=3; <socket.socket fd=94, family=2, type=1, proto=6, laddr=('172.21.0.6', 43952), raddr=('172.21.0.2', 5672)>
[2024-07-23T07:33:24.865+0000] {blocking_connection.py:525} INFO - User-initiated close: result=(<SelectConnection CLOSED transport=None params=<ConnectionParameters host=rabbitmq port=5672 virtual_host=/ ssl=False>>, ConnectionClosedByClient: (200) 'Normal shutdown')
[2024-07-23T07:33:24.866+0000] {python.py:237} INFO - Done. Returned value was: None
[2024-07-23T07:33:24.866+0000] {taskinstance.py:441} INFO - ::group::Post task execution logs
[2024-07-23T07:33:24.882+0000] {taskinstance.py:1205} INFO - Marking task as SUCCESS. dag_id=send_message_and_calculate_ABC, task_id=send_message_and_calculate_ABC, execution_date=20240723T073300, start_date=20240723T073302, end_date=20240723T073324
[2024-07-23T07:33:24.943+0000] {local_task_job_runner.py:240} INFO - Task exited with return code 0
[2024-07-23T07:33:24.968+0000] {taskinstance.py:3482} INFO - 0 downstream tasks scheduled from follow-on schedule check
[2024-07-23T07:33:24.969+0000] {local_task_job_runner.py:222} INFO - ::endgroup::
