[2024-08-05T06:00:12.023+0000] {local_task_job_runner.py:120} INFO - ::group::Pre task execution logs
[2024-08-05T06:00:12.050+0000] {taskinstance.py:2073} INFO - Dependencies all met for dep_context=non-requeueable deps ti=<TaskInstance: parsing_wb_mpstats.parsing_wb scheduled__2024-08-04T06:00:00+00:00 [queued]>
[2024-08-05T06:00:12.057+0000] {taskinstance.py:2073} INFO - Dependencies all met for dep_context=requeueable deps ti=<TaskInstance: parsing_wb_mpstats.parsing_wb scheduled__2024-08-04T06:00:00+00:00 [queued]>
[2024-08-05T06:00:12.058+0000] {taskinstance.py:2303} INFO - Starting attempt 1 of 4
[2024-08-05T06:00:12.069+0000] {taskinstance.py:2327} INFO - Executing <Task(PythonOperator): parsing_wb> on 2024-08-04 06:00:00+00:00
[2024-08-05T06:00:12.078+0000] {warnings.py:110} WARNING - /home/***/.local/lib/python3.12/site-packages/***/task/task_runner/standard_task_runner.py:61: DeprecationWarning: This process (pid=398049) is multi-threaded, use of fork() may lead to deadlocks in the child.
  pid = os.fork()

[2024-08-05T06:00:12.080+0000] {standard_task_runner.py:63} INFO - Started process 398051 to run task
[2024-08-05T06:00:12.080+0000] {standard_task_runner.py:90} INFO - Running: ['***', 'tasks', 'run', 'parsing_wb_mpstats', 'parsing_wb', 'scheduled__2024-08-04T06:00:00+00:00', '--job-id', '3061', '--raw', '--subdir', 'DAGS_FOLDER/parsing_wb_mpstats/parsing.py', '--cfg-path', '/tmp/tmpcp1p_o59']
[2024-08-05T06:00:12.081+0000] {standard_task_runner.py:91} INFO - Job 3061: Subtask parsing_wb
[2024-08-05T06:00:12.145+0000] {task_command.py:426} INFO - Running <TaskInstance: parsing_wb_mpstats.parsing_wb scheduled__2024-08-04T06:00:00+00:00 [running]> on host d40bdb4a74ef
[2024-08-05T06:00:12.250+0000] {taskinstance.py:2644} INFO - Exporting env vars: AIRFLOW_CTX_DAG_OWNER='***' AIRFLOW_CTX_DAG_ID='parsing_wb_mpstats' AIRFLOW_CTX_TASK_ID='parsing_wb' AIRFLOW_CTX_EXECUTION_DATE='2024-08-04T06:00:00+00:00' AIRFLOW_CTX_TRY_NUMBER='1' AIRFLOW_CTX_DAG_RUN_ID='scheduled__2024-08-04T06:00:00+00:00'
[2024-08-05T06:00:12.252+0000] {taskinstance.py:430} INFO - ::endgroup::
[2024-08-05T06:00:12.925+0000] {connection_workflow.py:179} INFO - Pika version 1.3.2 connecting to ('172.21.0.2', 5672)
[2024-08-05T06:00:12.926+0000] {io_services_utils.py:345} INFO - Socket connected: <socket.socket fd=98, family=2, type=1, proto=6, laddr=('172.21.0.6', 48594), raddr=('172.21.0.2', 5672)>
[2024-08-05T06:00:12.928+0000] {connection_workflow.py:428} INFO - Streaming transport linked up: (<pika.adapters.utils.io_services_utils._AsyncPlaintextTransport object at 0x7f05daf2f0e0>, _StreamingProtocolShim: <SelectConnection PROTOCOL transport=<pika.adapters.utils.io_services_utils._AsyncPlaintextTransport object at 0x7f05daf2f0e0> params=<ConnectionParameters host=rabbitmq port=5672 virtual_host=/ ssl=False>>).
[2024-08-05T06:00:12.932+0000] {connection_workflow.py:293} INFO - AMQPConnector - reporting success: <SelectConnection OPEN transport=<pika.adapters.utils.io_services_utils._AsyncPlaintextTransport object at 0x7f05daf2f0e0> params=<ConnectionParameters host=rabbitmq port=5672 virtual_host=/ ssl=False>>
[2024-08-05T06:00:12.932+0000] {connection_workflow.py:725} INFO - AMQPConnectionWorkflow - reporting success: <SelectConnection OPEN transport=<pika.adapters.utils.io_services_utils._AsyncPlaintextTransport object at 0x7f05daf2f0e0> params=<ConnectionParameters host=rabbitmq port=5672 virtual_host=/ ssl=False>>
[2024-08-05T06:00:12.933+0000] {blocking_connection.py:453} INFO - Connection workflow succeeded: <SelectConnection OPEN transport=<pika.adapters.utils.io_services_utils._AsyncPlaintextTransport object at 0x7f05daf2f0e0> params=<ConnectionParameters host=rabbitmq port=5672 virtual_host=/ ssl=False>>
[2024-08-05T06:00:12.933+0000] {blocking_connection.py:1264} INFO - Created channel=1
[2024-08-05T06:00:12.935+0000] {blocking_connection.py:802} INFO - Closing connection (200): Normal shutdown
[2024-08-05T06:00:12.935+0000] {channel.py:536} INFO - Closing channel (200): 'Normal shutdown' on <Channel number=1 OPEN conn=<SelectConnection OPEN transport=<pika.adapters.utils.io_services_utils._AsyncPlaintextTransport object at 0x7f05daf2f0e0> params=<ConnectionParameters host=rabbitmq port=5672 virtual_host=/ ssl=False>>>
[2024-08-05T06:00:12.938+0000] {channel.py:1133} INFO - Received <Channel.CloseOk> on <Channel number=1 CLOSING conn=<SelectConnection OPEN transport=<pika.adapters.utils.io_services_utils._AsyncPlaintextTransport object at 0x7f05daf2f0e0> params=<ConnectionParameters host=rabbitmq port=5672 virtual_host=/ ssl=False>>>
[2024-08-05T06:00:12.938+0000] {connection.py:1316} INFO - Closing connection (200): 'Normal shutdown'
[2024-08-05T06:00:12.939+0000] {io_services_utils.py:731} INFO - Aborting transport connection: state=1; <socket.socket fd=98, family=2, type=1, proto=6, laddr=('172.21.0.6', 48594), raddr=('172.21.0.2', 5672)>
[2024-08-05T06:00:12.939+0000] {io_services_utils.py:904} INFO - _AsyncTransportBase._initate_abort(): Initiating abrupt asynchronous transport shutdown: state=1; error=None; <socket.socket fd=98, family=2, type=1, proto=6, laddr=('172.21.0.6', 48594), raddr=('172.21.0.2', 5672)>
[2024-08-05T06:00:12.939+0000] {io_services_utils.py:869} INFO - Deactivating transport: state=1; <socket.socket fd=98, family=2, type=1, proto=6, laddr=('172.21.0.6', 48594), raddr=('172.21.0.2', 5672)>
[2024-08-05T06:00:12.940+0000] {connection.py:2017} INFO - AMQP stack terminated, failed to connect, or aborted: opened=True, error-arg=None; pending-error=ConnectionClosedByClient: (200) 'Normal shutdown'
[2024-08-05T06:00:12.940+0000] {connection.py:2086} INFO - Stack terminated due to ConnectionClosedByClient: (200) 'Normal shutdown'
[2024-08-05T06:00:12.940+0000] {io_services_utils.py:882} INFO - Closing transport socket and unlinking: state=3; <socket.socket fd=98, family=2, type=1, proto=6, laddr=('172.21.0.6', 48594), raddr=('172.21.0.2', 5672)>
[2024-08-05T06:00:12.941+0000] {blocking_connection.py:525} INFO - User-initiated close: result=(<SelectConnection CLOSED transport=None params=<ConnectionParameters host=rabbitmq port=5672 virtual_host=/ ssl=False>>, ConnectionClosedByClient: (200) 'Normal shutdown')
[2024-08-05T06:00:12.942+0000] {taskinstance.py:441} INFO - ::group::Post task execution logs
[2024-08-05T06:00:12.942+0000] {taskinstance.py:2890} ERROR - Task failed with exception
Traceback (most recent call last):
  File "/opt/airflow/dags/parsing_wb_mpstats/parsing_wb.py", line 363, in main
    data_all_nmids_current, data_all_nmids_previous = get_data_from_wb(nmids)
                                                      ^^^^^^^^^^^^^^^^^^^^^^^
  File "/opt/airflow/dags/parsing_wb_mpstats/parsing_wb.py", line 337, in get_data_from_wb
    history_for_vendorcode.update(get_history(nmids, df_c, dt_c))
                                  ^^^^^^^^^^^^^^^^^^^^^^^^^^^^^^
  File "/opt/airflow/dags/parsing_wb_mpstats/parsing_wb.py", line 86, in get_history
    response = make_request_to_wb(url_temp_report, 'POST', request_body)
               ^^^^^^^^^^^^^^^^^^^^^^^^^^^^^^^^^^^^^^^^^^^^^^^^^^^^^^^^^
  File "/opt/airflow/dags/parsing_wb_mpstats/parsing_wb.py", line 72, in make_request_to_wb
    raise Exception(response, response.content)
Exception: (<Response [401]>, b'{\n    "title": "unauthorized",\n    "detail": "token expired; Manage tokens at https://seller.wildberries.ru/supplier-settings/access-to-api",\n    "code": "167251cb759b-cc73ad3617b9d5c82732 456760352e0e-60 8cf0fa692f46062b94968d4fe92160d4",\n    "requestId": "8cf0fa692f46062b94968d4fe92160d4",\n    "origin": "s2sauth-ca",\n    "status": 401,\n    "statusText": "Unauthorized",\n    "timestamp": "2024-08-05 06:00:12.383571439 +0000 UTC m=+222806.285264655"\n}\r\n')

During handling of the above exception, another exception occurred:

Traceback (most recent call last):
  File "/home/airflow/.local/lib/python3.12/site-packages/airflow/models/taskinstance.py", line 465, in _execute_task
    result = _execute_callable(context=context, **execute_callable_kwargs)
             ^^^^^^^^^^^^^^^^^^^^^^^^^^^^^^^^^^^^^^^^^^^^^^^^^^^^^^^^^^^^^
  File "/home/airflow/.local/lib/python3.12/site-packages/airflow/models/taskinstance.py", line 432, in _execute_callable
    return execute_callable(context=context, **execute_callable_kwargs)
           ^^^^^^^^^^^^^^^^^^^^^^^^^^^^^^^^^^^^^^^^^^^^^^^^^^^^^^^^^^^^
  File "/home/airflow/.local/lib/python3.12/site-packages/airflow/models/baseoperator.py", line 400, in wrapper
    return func(self, *args, **kwargs)
           ^^^^^^^^^^^^^^^^^^^^^^^^^^^
  File "/home/airflow/.local/lib/python3.12/site-packages/airflow/operators/python.py", line 235, in execute
    return_value = self.execute_callable()
                   ^^^^^^^^^^^^^^^^^^^^^^^
  File "/home/airflow/.local/lib/python3.12/site-packages/airflow/operators/python.py", line 252, in execute_callable
    return self.python_callable(*self.op_args, **self.op_kwargs)
           ^^^^^^^^^^^^^^^^^^^^^^^^^^^^^^^^^^^^^^^^^^^^^^^^^^^^^
  File "/opt/airflow/dags/parsing_wb_mpstats/parsing.py", line 35, in get_nmids_and_run_parsing_wb
    return main_wb(nmids=result['nmids'])
           ^^^^^^^^^^^^^^^^^^^^^^^^^^^^^^
  File "/opt/airflow/dags/parsing_wb_mpstats/parsing_wb.py", line 372, in main
    raise Exception
Exception
[2024-08-05T06:00:12.956+0000] {taskinstance.py:1205} INFO - Marking task as UP_FOR_RETRY. dag_id=parsing_wb_mpstats, task_id=parsing_wb, execution_date=20240804T060000, start_date=20240805T060012, end_date=20240805T060012
[2024-08-05T06:00:12.968+0000] {standard_task_runner.py:110} ERROR - Failed to execute job 3061 for task parsing_wb (; 398051)
[2024-08-05T06:00:13.016+0000] {local_task_job_runner.py:240} INFO - Task exited with return code 1
[2024-08-05T06:00:13.037+0000] {taskinstance.py:3482} INFO - 0 downstream tasks scheduled from follow-on schedule check
[2024-08-05T06:00:13.038+0000] {local_task_job_runner.py:222} INFO - ::endgroup::
