[2024-08-02T07:00:02.067+0000] {local_task_job_runner.py:120} INFO - ::group::Pre task execution logs
[2024-08-02T07:00:02.105+0000] {taskinstance.py:2073} INFO - Dependencies all met for dep_context=non-requeueable deps ti=<TaskInstance: send_message_and_calculate_ABC.send_message_and_calculate_ABC scheduled__2024-08-01T07:00:00+00:00 [queued]>
[2024-08-02T07:00:02.125+0000] {taskinstance.py:2073} INFO - Dependencies all met for dep_context=requeueable deps ti=<TaskInstance: send_message_and_calculate_ABC.send_message_and_calculate_ABC scheduled__2024-08-01T07:00:00+00:00 [queued]>
[2024-08-02T07:00:02.126+0000] {taskinstance.py:2303} INFO - Starting attempt 1 of 6
[2024-08-02T07:00:02.148+0000] {taskinstance.py:2327} INFO - Executing <Task(PythonOperator): send_message_and_calculate_ABC> on 2024-08-01 07:00:00+00:00
[2024-08-02T07:00:02.157+0000] {warnings.py:110} WARNING - /home/***/.local/lib/python3.12/site-packages/***/task/task_runner/standard_task_runner.py:61: DeprecationWarning: This process (pid=341748) is multi-threaded, use of fork() may lead to deadlocks in the child.
  pid = os.fork()

[2024-08-02T07:00:02.158+0000] {standard_task_runner.py:63} INFO - Started process 341751 to run task
[2024-08-02T07:00:02.159+0000] {standard_task_runner.py:90} INFO - Running: ['***', 'tasks', 'run', 'send_message_and_calculate_ABC', 'send_message_and_calculate_ABC', 'scheduled__2024-08-01T07:00:00+00:00', '--job-id', '2972', '--raw', '--subdir', 'DAGS_FOLDER/send_message_and_calculate_ABC.py', '--cfg-path', '/tmp/tmp80pqd994']
[2024-08-02T07:00:02.160+0000] {standard_task_runner.py:91} INFO - Job 2972: Subtask send_message_and_calculate_ABC
[2024-08-02T07:00:02.236+0000] {task_command.py:426} INFO - Running <TaskInstance: send_message_and_calculate_ABC.send_message_and_calculate_ABC scheduled__2024-08-01T07:00:00+00:00 [running]> on host d40bdb4a74ef
[2024-08-02T07:00:02.360+0000] {taskinstance.py:2644} INFO - Exporting env vars: AIRFLOW_CTX_DAG_OWNER='***' AIRFLOW_CTX_DAG_ID='send_message_and_calculate_ABC' AIRFLOW_CTX_TASK_ID='send_message_and_calculate_ABC' AIRFLOW_CTX_EXECUTION_DATE='2024-08-01T07:00:00+00:00' AIRFLOW_CTX_TRY_NUMBER='1' AIRFLOW_CTX_DAG_RUN_ID='scheduled__2024-08-01T07:00:00+00:00'
[2024-08-02T07:00:02.361+0000] {taskinstance.py:430} INFO - ::endgroup::
[2024-08-02T07:00:02.378+0000] {logging_mixin.py:188} INFO - ##################
[2024-08-02T07:00:08.105+0000] {logging_mixin.py:188} INFO - K.Ts.BlackFaces/Khaki.01/
[2024-08-02T07:00:08.105+0000] {logging_mixin.py:188} INFO - 306 else
[2024-08-02T07:00:08.105+0000] {logging_mixin.py:188} INFO - К.ANM.01.Ts1501.0180/Black.01/
[2024-08-02T07:00:08.106+0000] {logging_mixin.py:188} INFO - 1068 else
[2024-08-02T07:00:08.106+0000] {logging_mixin.py:188} INFO - К.PVZ.01.Ts0901.0180/Black.07/
[2024-08-02T07:00:08.106+0000] {logging_mixin.py:188} INFO - 1016 else
[2024-08-02T07:00:08.106+0000] {logging_mixin.py:188} INFO - K.Ts.Cuties/Blue.01/
[2024-08-02T07:00:08.106+0000] {logging_mixin.py:188} INFO - 48 else
[2024-08-02T07:00:08.106+0000] {logging_mixin.py:188} INFO - K.Ts.MyFirstLove/Black.01/
[2024-08-02T07:00:08.106+0000] {logging_mixin.py:188} INFO - 156 else
[2024-08-02T07:00:08.107+0000] {logging_mixin.py:188} INFO - K.Ts.BlancNp/D.Grey.01/
[2024-08-02T07:00:08.107+0000] {logging_mixin.py:188} INFO - 310 else
[2024-08-02T07:00:08.107+0000] {logging_mixin.py:188} INFO - K.Ts.RedLogo/Beige.01/
[2024-08-02T07:00:08.107+0000] {logging_mixin.py:188} INFO - 310 else
[2024-08-02T07:00:08.107+0000] {logging_mixin.py:188} INFO - К.RCK.10.Ts1502.0180/Black.01/
[2024-08-02T07:00:08.107+0000] {logging_mixin.py:188} INFO - 998 else
[2024-08-02T07:00:08.108+0000] {logging_mixin.py:188} INFO - K.Ts.Webslinger/Red.01/
[2024-08-02T07:00:08.108+0000] {logging_mixin.py:188} INFO - 156 else
[2024-08-02T07:00:08.108+0000] {logging_mixin.py:188} INFO - K.LngReg.Disc/Red.01/
[2024-08-02T07:00:08.108+0000] {logging_mixin.py:188} INFO - 181 else
[2024-08-02T07:00:08.108+0000] {logging_mixin.py:188} INFO - K.LngReg.Kansas/White.01/
[2024-08-02T07:00:08.108+0000] {logging_mixin.py:188} INFO - 300 else
[2024-08-02T07:00:08.108+0000] {logging_mixin.py:188} INFO - K.TS.Skater/Red.01/
[2024-08-02T07:00:08.109+0000] {logging_mixin.py:188} INFO - 251 else
[2024-08-02T07:00:08.109+0000] {logging_mixin.py:188} INFO - K.LngReg.Opium/Black.01/
[2024-08-02T07:00:08.109+0000] {logging_mixin.py:188} INFO - 181 else
[2024-08-02T07:00:08.109+0000] {logging_mixin.py:188} INFO - K.LngReg.4Tune/White.01/
[2024-08-02T07:00:08.109+0000] {logging_mixin.py:188} INFO - 318 else
[2024-08-02T07:00:08.109+0000] {logging_mixin.py:188} INFO - K.Ts.CatMilf/Pink.01/
[2024-08-02T07:00:08.109+0000] {logging_mixin.py:188} INFO - 62 else
[2024-08-02T07:00:08.110+0000] {logging_mixin.py:188} INFO - K.LngReg.Tigry/Green.01/
[2024-08-02T07:00:08.110+0000] {logging_mixin.py:188} INFO - 181 else
[2024-08-02T07:00:08.110+0000] {logging_mixin.py:188} INFO - K.LngReg.NP/White.blue/
[2024-08-02T07:00:08.110+0000] {logging_mixin.py:188} INFO - 249 else
[2024-08-02T07:00:08.110+0000] {logging_mixin.py:188} INFO - K.LngReg.2K17/Red.01/
[2024-08-02T07:00:08.110+0000] {logging_mixin.py:188} INFO - 181 else
[2024-08-02T07:00:08.110+0000] {logging_mixin.py:188} INFO - К.TS.Shrexy/White.01/
[2024-08-02T07:00:08.111+0000] {logging_mixin.py:188} INFO - 423 else
[2024-08-02T07:00:08.111+0000] {logging_mixin.py:188} INFO - K.Ts.Reg.Np/White.Brown/
[2024-08-02T07:00:08.111+0000] {logging_mixin.py:188} INFO - 36 else
[2024-08-02T07:00:08.111+0000] {logging_mixin.py:188} INFO - K.LngReg.XnsStar/White.01/
[2024-08-02T07:00:08.111+0000] {logging_mixin.py:188} INFO - 311 else
[2024-08-02T07:00:08.111+0000] {logging_mixin.py:188} INFO - K.TS.BlackCat/Red.01/
[2024-08-02T07:00:08.111+0000] {logging_mixin.py:188} INFO - 251 else
[2024-08-02T07:00:08.112+0000] {logging_mixin.py:188} INFO - K.Ts.GTR/Blue.01/
[2024-08-02T07:00:08.112+0000] {logging_mixin.py:188} INFO - 48 else
[2024-08-02T07:00:08.112+0000] {logging_mixin.py:188} INFO - K.Ts.Auto/Black.01/
[2024-08-02T07:00:08.112+0000] {logging_mixin.py:188} INFO - 24
[2024-08-02T07:00:08.112+0000] {logging_mixin.py:188} INFO - K.HalfZip.FNP/Grey/
[2024-08-02T07:00:08.112+0000] {logging_mixin.py:188} INFO - 244 else
[2024-08-02T07:00:08.112+0000] {logging_mixin.py:188} INFO - K.HalfZip.FleeceNP/White/
[2024-08-02T07:00:08.113+0000] {logging_mixin.py:188} INFO - 249 else
[2024-08-02T07:00:08.113+0000] {logging_mixin.py:188} INFO - K.LngReg.NP/White/
[2024-08-02T07:00:08.113+0000] {logging_mixin.py:188} INFO - 318 else
[2024-08-02T07:00:08.113+0000] {logging_mixin.py:188} INFO - K.Ts.HateSchool/White.01/
[2024-08-02T07:00:08.113+0000] {logging_mixin.py:188} INFO - 156 else
[2024-08-02T07:00:08.113+0000] {logging_mixin.py:188} INFO - K.LngReg.NP/Red.brown/
[2024-08-02T07:00:08.113+0000] {logging_mixin.py:188} INFO - 251 else
[2024-08-02T07:00:08.114+0000] {logging_mixin.py:188} INFO - K.Ts.Alimenti/Beige.01/
[2024-08-02T07:00:08.114+0000] {logging_mixin.py:188} INFO - 296 else
[2024-08-02T07:00:08.114+0000] {logging_mixin.py:188} INFO - K.LngReg.Olympics/Blue.01/
[2024-08-02T07:00:08.114+0000] {logging_mixin.py:188} INFO - 181 else
[2024-08-02T07:00:08.114+0000] {logging_mixin.py:188} INFO - K.Ts.Bunnies/Black.01/
[2024-08-02T07:00:08.114+0000] {logging_mixin.py:188} INFO - 24
[2024-08-02T07:00:08.114+0000] {logging_mixin.py:188} INFO - K.Ts.RokstarGIRL/Black.01/
[2024-08-02T07:00:08.114+0000] {logging_mixin.py:188} INFO - 156 else
[2024-08-02T07:00:08.115+0000] {logging_mixin.py:188} INFO - К.TWO.01.Ts.Cats/Black.01/
[2024-08-02T07:00:08.115+0000] {logging_mixin.py:188} INFO - 470 else
[2024-08-02T07:00:08.115+0000] {logging_mixin.py:188} INFO - K.LngReg.Bunny/Red.01/
[2024-08-02T07:00:08.115+0000] {logging_mixin.py:188} INFO - 181 else
[2024-08-02T07:00:08.115+0000] {logging_mixin.py:188} INFO - K.Ts.Fawn/Light.Grey.01/
[2024-08-02T07:00:08.115+0000] {logging_mixin.py:188} INFO - 90 else
[2024-08-02T07:00:08.115+0000] {logging_mixin.py:188} INFO - K.Ts.NotInterested/Brown.01/
[2024-08-02T07:00:08.116+0000] {logging_mixin.py:188} INFO - 156 else
[2024-08-02T07:00:08.116+0000] {logging_mixin.py:188} INFO - K.LngReg.MadeInAI/Grey.01/
[2024-08-02T07:00:08.116+0000] {logging_mixin.py:188} INFO - 181 else
[2024-08-02T07:00:08.116+0000] {logging_mixin.py:188} INFO - K.Ts.Cringe/Red.01/
[2024-08-02T07:00:08.116+0000] {logging_mixin.py:188} INFO - 90 else
[2024-08-02T07:00:08.116+0000] {logging_mixin.py:188} INFO - K.Ts.TishkaNeon/Grey.01/
[2024-08-02T07:00:08.116+0000] {logging_mixin.py:188} INFO - 156 else
[2024-08-02T07:00:08.117+0000] {logging_mixin.py:188} INFO - K.Ts.IceCream/Yellow.01/
[2024-08-02T07:00:08.117+0000] {logging_mixin.py:188} INFO - 61 else
[2024-08-02T07:00:08.117+0000] {logging_mixin.py:188} INFO - K.Ts.McQueen/Black.01/
[2024-08-02T07:00:08.117+0000] {logging_mixin.py:188} INFO - 24
[2024-08-02T07:00:08.117+0000] {logging_mixin.py:188} INFO - К.PVZ.01.Ts0901.0180/Black.02/
[2024-08-02T07:00:08.117+0000] {logging_mixin.py:188} INFO - 1101 else
[2024-08-02T07:00:08.117+0000] {logging_mixin.py:188} INFO - K.Ts.WildEast/Grey.01/
[2024-08-02T07:00:08.118+0000] {logging_mixin.py:188} INFO - 156 else
[2024-08-02T07:00:08.118+0000] {logging_mixin.py:188} INFO - K.Ts.WalkBro/Reaktiv.01/
[2024-08-02T07:00:08.118+0000] {logging_mixin.py:188} INFO - 294 else
[2024-08-02T07:00:08.118+0000] {logging_mixin.py:188} INFO - K.TS.Juise/Red.01/
[2024-08-02T07:00:08.118+0000] {logging_mixin.py:188} INFO - 251 else
[2024-08-02T07:00:08.118+0000] {logging_mixin.py:188} INFO - K.TS.Spitz/Red.01/
[2024-08-02T07:00:08.118+0000] {logging_mixin.py:188} INFO - 251 else
[2024-08-02T07:00:08.119+0000] {logging_mixin.py:188} INFO - K.Ts.Apologies/Black.01/
[2024-08-02T07:00:08.119+0000] {logging_mixin.py:188} INFO - 157 else
[2024-08-02T07:00:08.119+0000] {logging_mixin.py:188} INFO - K.Ts.Hustle/Brown.01/
[2024-08-02T07:00:08.119+0000] {logging_mixin.py:188} INFO - 156 else
[2024-08-02T07:00:08.119+0000] {logging_mixin.py:188} INFO - K.LngReg.Soviet/Green.01/
[2024-08-02T07:00:08.119+0000] {logging_mixin.py:188} INFO - 90 else
[2024-08-02T07:00:08.119+0000] {logging_mixin.py:188} INFO - K.Ts.GrandmaGun/Khaki.01/
[2024-08-02T07:00:08.119+0000] {logging_mixin.py:188} INFO - 306 else
[2024-08-02T07:00:08.120+0000] {logging_mixin.py:188} INFO - K.Ts.Reg.Np/Black.White/
[2024-08-02T07:00:08.120+0000] {logging_mixin.py:188} INFO - 36 else
[2024-08-02T07:00:08.120+0000] {logging_mixin.py:188} INFO - K.Ts.Spyderman/Black.01/
[2024-08-02T07:00:08.120+0000] {logging_mixin.py:188} INFO - 181 else
[2024-08-02T07:00:08.120+0000] {logging_mixin.py:188} INFO - K.LngReg.Ptancise/White.01/
[2024-08-02T07:00:08.120+0000] {logging_mixin.py:188} INFO - 310 else
[2024-08-02T07:00:08.120+0000] {logging_mixin.py:188} INFO - K.Ts.TomJerry/Beige.01/
[2024-08-02T07:00:08.120+0000] {logging_mixin.py:188} INFO - 310 else
[2024-08-02T07:00:08.121+0000] {logging_mixin.py:188} INFO - K.Ts.Addiction/Grey.01/
[2024-08-02T07:00:08.121+0000] {logging_mixin.py:188} INFO - 90 else
[2024-08-02T07:00:08.121+0000] {logging_mixin.py:188} INFO - K.Ts.Wreath/Pink.01/
[2024-08-02T07:00:08.121+0000] {logging_mixin.py:188} INFO - 62 else
[2024-08-02T07:00:08.121+0000] {logging_mixin.py:188} INFO - К.TS.Porshe/White.01/
[2024-08-02T07:00:08.121+0000] {logging_mixin.py:188} INFO - 423 else
[2024-08-02T07:00:08.121+0000] {logging_mixin.py:188} INFO - К.MILF.01.Ts.Happy/Black.01/
[2024-08-02T07:00:08.122+0000] {logging_mixin.py:188} INFO - 437 else
[2024-08-02T07:00:08.122+0000] {logging_mixin.py:188} INFO - K.Ts.Cult/Black.01/
[2024-08-02T07:00:08.122+0000] {logging_mixin.py:188} INFO - 24
[2024-08-02T07:00:08.122+0000] {logging_mixin.py:188} INFO - K.LngReg.NP/Beige.red/
[2024-08-02T07:00:08.122+0000] {logging_mixin.py:188} INFO - 258 else
[2024-08-02T07:00:08.122+0000] {logging_mixin.py:188} INFO - K.HalfZip.FNP/D.Grey/
[2024-08-02T07:00:08.122+0000] {logging_mixin.py:188} INFO - 241 else
[2024-08-02T07:00:08.122+0000] {logging_mixin.py:188} INFO - K.HalfZip.FNP/Beige/
[2024-08-02T07:00:08.123+0000] {logging_mixin.py:188} INFO - 241 else
[2024-08-02T07:00:08.123+0000] {logging_mixin.py:188} INFO - K.LngReg.NP/Beige.brown/
[2024-08-02T07:00:08.123+0000] {logging_mixin.py:188} INFO - 251 else
[2024-08-02T07:00:08.123+0000] {logging_mixin.py:188} INFO - K.TS.Flowers/Red.01/
[2024-08-02T07:00:08.123+0000] {logging_mixin.py:188} INFO - 251 else
[2024-08-02T07:00:08.123+0000] {logging_mixin.py:188} INFO - K.LngReg.Face/Black.01/
[2024-08-02T07:00:08.123+0000] {logging_mixin.py:188} INFO - 181 else
[2024-08-02T07:00:08.123+0000] {logging_mixin.py:188} INFO - K.Ts.KissMe/White.01/
[2024-08-02T07:00:08.124+0000] {logging_mixin.py:188} INFO - 156 else
[2024-08-02T07:00:08.124+0000] {logging_mixin.py:188} INFO - K.Ts.Maznya/Blue.01/
[2024-08-02T07:00:08.124+0000] {logging_mixin.py:188} INFO - 249 else
[2024-08-02T07:00:08.124+0000] {logging_mixin.py:188} INFO - K.Ts.CouldBe/Pink.01/
[2024-08-02T07:00:08.124+0000] {logging_mixin.py:188} INFO - 62 else
[2024-08-02T07:00:08.124+0000] {logging_mixin.py:188} INFO - K.Ts.Gravitation/Grey.01/
[2024-08-02T07:00:08.124+0000] {logging_mixin.py:188} INFO - 156 else
[2024-08-02T07:00:08.124+0000] {logging_mixin.py:188} INFO - K.Ts.Bill/White.01/
[2024-08-02T07:00:08.125+0000] {logging_mixin.py:188} INFO - 156 else
[2024-08-02T07:00:08.125+0000] {logging_mixin.py:188} INFO - K.Ts.RibsLove/Grey.01/
[2024-08-02T07:00:08.125+0000] {logging_mixin.py:188} INFO - 90 else
[2024-08-02T07:00:08.125+0000] {logging_mixin.py:188} INFO - K.Ts.Silvia/Blue.01/
[2024-08-02T07:00:08.125+0000] {logging_mixin.py:188} INFO - 274 else
[2024-08-02T07:00:08.125+0000] {logging_mixin.py:188} INFO - K.Ts.StarFace/Blue.01/
[2024-08-02T07:00:08.125+0000] {logging_mixin.py:188} INFO - 274 else
[2024-08-02T07:00:08.125+0000] {logging_mixin.py:188} INFO - K.LngReg.1970Shop/White.01/
[2024-08-02T07:00:08.126+0000] {logging_mixin.py:188} INFO - 310 else
[2024-08-02T07:00:08.126+0000] {logging_mixin.py:188} INFO - K.Ts.Zvezda/Blue.01/
[2024-08-02T07:00:08.126+0000] {logging_mixin.py:188} INFO - 274 else
[2024-08-02T07:00:08.126+0000] {logging_mixin.py:188} INFO - K.Ts.Metallica/Reaktiv.01/
[2024-08-02T07:00:08.126+0000] {logging_mixin.py:188} INFO - 294 else
[2024-08-02T07:00:08.126+0000] {logging_mixin.py:188} INFO - K.LngReg.Rally/Brown.01/
[2024-08-02T07:00:08.126+0000] {logging_mixin.py:188} INFO - 181 else
[2024-08-02T07:00:08.127+0000] {logging_mixin.py:188} INFO - K.LngReg.Formidable/Blue.01/
[2024-08-02T07:00:08.127+0000] {logging_mixin.py:188} INFO - 281 else
[2024-08-02T07:00:08.127+0000] {logging_mixin.py:188} INFO - K.Ts.MacMilf/White.01/
[2024-08-02T07:00:08.127+0000] {logging_mixin.py:188} INFO - 90 else
[2024-08-02T07:00:08.127+0000] {logging_mixin.py:188} INFO - K.Ts.NeedMoney/Black.01/
[2024-08-02T07:00:08.127+0000] {logging_mixin.py:188} INFO - 156 else
[2024-08-02T07:00:08.127+0000] {logging_mixin.py:188} INFO - K.Ts.Stencil/Light.Grey.01/
[2024-08-02T07:00:08.127+0000] {logging_mixin.py:188} INFO - 90 else
[2024-08-02T07:00:08.128+0000] {logging_mixin.py:188} INFO - K.Ts.TourismSport/Red.01/
[2024-08-02T07:00:08.128+0000] {logging_mixin.py:188} INFO - 157 else
[2024-08-02T07:00:08.128+0000] {logging_mixin.py:188} INFO - K.LngReg.BlankNp/White/
[2024-08-02T07:00:08.128+0000] {logging_mixin.py:188} INFO - 318 else
[2024-08-02T07:00:08.128+0000] {logging_mixin.py:188} INFO - K.Ts.BestHoney/Blue.01/
[2024-08-02T07:00:08.128+0000] {logging_mixin.py:188} INFO - 274 else
[2024-08-02T07:00:08.128+0000] {logging_mixin.py:188} INFO - К.HH.01.Ts1502.0200/Black.01/
[2024-08-02T07:00:08.129+0000] {logging_mixin.py:188} INFO - 1039 else
[2024-08-02T07:00:08.129+0000] {logging_mixin.py:188} INFO - К.PVZ.01.Ts0901.0180/Black.08/
[2024-08-02T07:00:08.129+0000] {logging_mixin.py:188} INFO - 998 else
[2024-08-02T07:00:08.129+0000] {logging_mixin.py:188} INFO - K.Ts.Shadow/Black.01/
[2024-08-02T07:00:08.129+0000] {logging_mixin.py:188} INFO - 156 else
[2024-08-02T07:00:08.129+0000] {logging_mixin.py:188} INFO - K.Ts.Vilian/Brown.01/
[2024-08-02T07:00:08.129+0000] {logging_mixin.py:188} INFO - 157 else
[2024-08-02T07:00:08.130+0000] {logging_mixin.py:188} INFO - K.LngReg.Spider/Black.Red/
[2024-08-02T07:00:08.130+0000] {logging_mixin.py:188} INFO - 90 else
[2024-08-02T07:00:08.130+0000] {logging_mixin.py:188} INFO - K.LngReg.NP/Graphite/
[2024-08-02T07:00:08.130+0000] {logging_mixin.py:188} INFO - 258 else
[2024-08-02T07:00:08.130+0000] {logging_mixin.py:188} INFO - K.LngReg.Dark/White.01/
[2024-08-02T07:00:08.130+0000] {logging_mixin.py:188} INFO - 300 else
[2024-08-02T07:00:08.130+0000] {logging_mixin.py:188} INFO - K.Ts.Kitticalreact/White.01/
[2024-08-02T07:00:08.131+0000] {logging_mixin.py:188} INFO - 90 else
[2024-08-02T07:00:08.131+0000] {logging_mixin.py:188} INFO - K.Ts.ScoofyDoo/Blue.01/
[2024-08-02T07:00:08.131+0000] {logging_mixin.py:188} INFO - 48 else
[2024-08-02T07:00:08.131+0000] {logging_mixin.py:188} INFO - K.LngReg.BlankNp/Black/
[2024-08-02T07:00:08.131+0000] {logging_mixin.py:188} INFO - 318 else
[2024-08-02T07:00:08.131+0000] {logging_mixin.py:188} INFO - K.Ts.Cutit/Yellow.01/
[2024-08-02T07:00:08.131+0000] {logging_mixin.py:188} INFO - 62 else
[2024-08-02T07:00:08.131+0000] {logging_mixin.py:188} INFO - K.Ts.TeddyBears/Brown.01/
[2024-08-02T07:00:08.132+0000] {logging_mixin.py:188} INFO - 156 else
[2024-08-02T07:00:08.132+0000] {logging_mixin.py:188} INFO - K.LngReg.Tishka/Grey.01/
[2024-08-02T07:00:08.132+0000] {logging_mixin.py:188} INFO - 181 else
[2024-08-02T07:00:08.132+0000] {logging_mixin.py:188} INFO - K.Ts.Reg.Np/White.Violet/
[2024-08-02T07:00:08.132+0000] {logging_mixin.py:188} INFO - 36 else
[2024-08-02T07:00:08.132+0000] {logging_mixin.py:188} INFO - K.LngReg.NP/Graphite.black/
[2024-08-02T07:00:08.132+0000] {logging_mixin.py:188} INFO - 258 else
[2024-08-02T07:00:08.132+0000] {logging_mixin.py:188} INFO - К.MSF.01.Ts.Skull/Black.01/
[2024-08-02T07:00:08.133+0000] {logging_mixin.py:188} INFO - 471 else
[2024-08-02T07:00:08.133+0000] {logging_mixin.py:188} INFO - K.LngReg.SeamLogo/White.01/
[2024-08-02T07:00:08.133+0000] {logging_mixin.py:188} INFO - 281 else
[2024-08-02T07:00:08.133+0000] {logging_mixin.py:188} INFO - K.Ts.Threecats/Black.01/
[2024-08-02T07:00:08.133+0000] {logging_mixin.py:188} INFO - 24
[2024-08-02T07:00:08.133+0000] {logging_mixin.py:188} INFO - K.Ts.GhostSkull/Grey.01/
[2024-08-02T07:00:08.133+0000] {logging_mixin.py:188} INFO - 157 else
[2024-08-02T07:00:08.133+0000] {logging_mixin.py:188} INFO - K.Ts.BlackCat/Khaki.01/
[2024-08-02T07:00:08.134+0000] {logging_mixin.py:188} INFO - 306 else
[2024-08-02T07:00:08.134+0000] {logging_mixin.py:188} INFO - K.LngReg.Gothic/Black.01/
[2024-08-02T07:00:08.134+0000] {logging_mixin.py:188} INFO - 181 else
[2024-08-02T07:00:08.134+0000] {logging_mixin.py:188} INFO - K.Ts.Gengar/Grey.01/
[2024-08-02T07:00:08.134+0000] {logging_mixin.py:188} INFO - 157 else
[2024-08-02T07:00:08.134+0000] {logging_mixin.py:188} INFO - K.Ts.Dino/Graphite.01/
[2024-08-02T07:00:08.134+0000] {logging_mixin.py:188} INFO - 90 else
[2024-08-02T07:00:08.135+0000] {logging_mixin.py:188} INFO - K.Ts.Spray/Grey.01/
[2024-08-02T07:00:08.135+0000] {logging_mixin.py:188} INFO - 90 else
[2024-08-02T07:00:08.135+0000] {logging_mixin.py:188} INFO - K.Ts.Wildheart/Blue.01/
[2024-08-02T07:00:08.135+0000] {logging_mixin.py:188} INFO - 49 else
[2024-08-02T07:00:08.135+0000] {logging_mixin.py:188} INFO - K.Ts.MemesEat/White.01/
[2024-08-02T07:00:08.135+0000] {logging_mixin.py:188} INFO - 90 else
[2024-08-02T07:00:08.135+0000] {logging_mixin.py:188} INFO - K.Ts.Scarface/Red.01/
[2024-08-02T07:00:08.135+0000] {logging_mixin.py:188} INFO - 90 else
[2024-08-02T07:00:08.135+0000] {logging_mixin.py:188} INFO - К.EVG.01.Ts1501.0170/Black.02/
[2024-08-02T07:00:08.136+0000] {logging_mixin.py:188} INFO - 1068 else
[2024-08-02T07:00:08.136+0000] {logging_mixin.py:188} INFO - K.Ts.Hiroshima/White.01/
[2024-08-02T07:00:08.136+0000] {logging_mixin.py:188} INFO - 156 else
[2024-08-02T07:00:08.136+0000] {logging_mixin.py:188} INFO - K.LngReg.Mariposa/White.01/
[2024-08-02T07:00:08.136+0000] {logging_mixin.py:188} INFO - 301 else
[2024-08-02T07:00:08.136+0000] {logging_mixin.py:188} INFO - K.Ts.Hellboy/Grey.01/
[2024-08-02T07:00:08.136+0000] {logging_mixin.py:188} INFO - 156 else
[2024-08-02T07:00:08.137+0000] {logging_mixin.py:188} INFO - K.Ts.TishkaVinyl/Beige.01/
[2024-08-02T07:00:08.137+0000] {logging_mixin.py:188} INFO - 310 else
[2024-08-02T07:00:08.137+0000] {logging_mixin.py:188} INFO - K.Ts.Skaytim/Grey.01/
[2024-08-02T07:00:08.137+0000] {logging_mixin.py:188} INFO - 157 else
[2024-08-02T07:00:08.137+0000] {logging_mixin.py:188} INFO - K.Ts.GrangeMan/Brown.01/
[2024-08-02T07:00:08.137+0000] {logging_mixin.py:188} INFO - 156 else
[2024-08-02T07:00:08.138+0000] {logging_mixin.py:188} INFO - К.EVG.01.Ts1501.0170/Black.03/
[2024-08-02T07:00:08.138+0000] {logging_mixin.py:188} INFO - 902 else
[2024-08-02T07:00:08.138+0000] {logging_mixin.py:188} INFO - K.TS.Axolotl/Red.01/
[2024-08-02T07:00:08.138+0000] {logging_mixin.py:188} INFO - 251 else
[2024-08-02T07:00:08.138+0000] {logging_mixin.py:188} INFO - K.Ts.UnknowCaller/Grey.01/
[2024-08-02T07:00:08.138+0000] {logging_mixin.py:188} INFO - 156 else
[2024-08-02T07:00:08.138+0000] {logging_mixin.py:188} INFO - K.LngReg.Porshe/White.01/
[2024-08-02T07:00:08.138+0000] {logging_mixin.py:188} INFO - 300 else
[2024-08-02T07:00:08.139+0000] {logging_mixin.py:188} INFO - K.HalfZip.FleeceNP/Black/
[2024-08-02T07:00:08.139+0000] {logging_mixin.py:188} INFO - 250 else
[2024-08-02T07:00:08.139+0000] {logging_mixin.py:188} INFO - K.LngReg.BStar/White.01/
[2024-08-02T07:00:08.139+0000] {logging_mixin.py:188} INFO - 300 else
[2024-08-02T07:00:08.139+0000] {logging_mixin.py:188} INFO - K.Ts.RokstarBOY/Black.01/
[2024-08-02T07:00:08.139+0000] {logging_mixin.py:188} INFO - 157 else
[2024-08-02T07:00:08.140+0000] {logging_mixin.py:188} INFO - K.Ts.GetRich/Black.01/
[2024-08-02T07:00:08.140+0000] {logging_mixin.py:188} INFO - 156 else
[2024-08-02T07:00:08.140+0000] {logging_mixin.py:188} INFO - K.LngReg.NP/Graphite.red/
[2024-08-02T07:00:08.141+0000] {logging_mixin.py:188} INFO - 251 else
[2024-08-02T07:00:08.141+0000] {logging_mixin.py:188} INFO - К.ANM.01.Ts1501.0180/Black.03/
[2024-08-02T07:00:08.141+0000] {logging_mixin.py:188} INFO - 991 else
[2024-08-02T07:00:08.141+0000] {logging_mixin.py:188} INFO - K.Ts.Dance/Grey.01/
[2024-08-02T07:00:08.141+0000] {logging_mixin.py:188} INFO - 156 else
[2024-08-02T07:00:08.141+0000] {logging_mixin.py:188} INFO - K.Ts.Reg.Np/White.Black/
[2024-08-02T07:00:08.141+0000] {logging_mixin.py:188} INFO - 36 else
[2024-08-02T07:00:08.141+0000] {logging_mixin.py:188} INFO - K.Ts.Toxic/White.01/
[2024-08-02T07:00:08.142+0000] {logging_mixin.py:188} INFO - 90 else
[2024-08-02T07:00:08.142+0000] {logging_mixin.py:188} INFO - K.Ts.AngryBeavers/Brown.01/
[2024-08-02T07:00:08.142+0000] {logging_mixin.py:188} INFO - 156 else
[2024-08-02T07:00:08.142+0000] {logging_mixin.py:188} INFO - K.LngReg.FuckOff/Green.01/
[2024-08-02T07:00:08.142+0000] {logging_mixin.py:188} INFO - 181 else
[2024-08-02T07:00:08.142+0000] {logging_mixin.py:188} INFO - K.Ts.Romance/Pink.01/
[2024-08-02T07:00:08.142+0000] {logging_mixin.py:188} INFO - 62 else
[2024-08-02T07:00:08.143+0000] {logging_mixin.py:188} INFO - K.Ts.Duck/Light.Grey.01/
[2024-08-02T07:00:08.143+0000] {logging_mixin.py:188} INFO - 90 else
[2024-08-02T07:00:08.143+0000] {logging_mixin.py:188} INFO - K.Ts.ChelPauk/Black.01/
[2024-08-02T07:00:08.143+0000] {logging_mixin.py:188} INFO - 181 else
[2024-08-02T07:00:08.143+0000] {logging_mixin.py:188} INFO - K.Ts.Rose/Pink.01/
[2024-08-02T07:00:08.143+0000] {logging_mixin.py:188} INFO - 62 else
[2024-08-02T07:00:08.143+0000] {logging_mixin.py:188} INFO - K.Ts.Ferrari/Yellow.01/
[2024-08-02T07:00:08.143+0000] {logging_mixin.py:188} INFO - 62 else
[2024-08-02T07:00:08.144+0000] {logging_mixin.py:188} INFO - K.LngReg.NP/Brown.black/
[2024-08-02T07:00:08.144+0000] {logging_mixin.py:188} INFO - 258 else
[2024-08-02T07:00:08.144+0000] {logging_mixin.py:188} INFO - K.LngReg.NP/Melange/
[2024-08-02T07:00:08.144+0000] {logging_mixin.py:188} INFO - 280 else
[2024-08-02T07:00:08.144+0000] {logging_mixin.py:188} INFO - K.LngReg.SeamLogo/Black.01/
[2024-08-02T07:00:08.144+0000] {logging_mixin.py:188} INFO - 281 else
[2024-08-02T07:00:08.144+0000] {logging_mixin.py:188} INFO - K.Ts.DontAlone/Blue.01/
[2024-08-02T07:00:08.144+0000] {logging_mixin.py:188} INFO - 274 else
[2024-08-02T07:00:08.145+0000] {logging_mixin.py:188} INFO - K.Ts.Loyal/Yellow.01/
[2024-08-02T07:00:08.145+0000] {logging_mixin.py:188} INFO - 62 else
[2024-08-02T07:00:08.145+0000] {logging_mixin.py:188} INFO - К.RCK.09.Ts1502.0180/Black.01/
[2024-08-02T07:00:08.145+0000] {logging_mixin.py:188} INFO - 998 else
[2024-08-02T07:00:08.145+0000] {logging_mixin.py:188} INFO - K.LngReg.NP/Beige.green/
[2024-08-02T07:00:08.145+0000] {logging_mixin.py:188} INFO - 258 else
[2024-08-02T07:00:08.145+0000] {logging_mixin.py:188} INFO - K.LngReg.Moscow/Brown.01/
[2024-08-02T07:00:08.146+0000] {logging_mixin.py:188} INFO - 72 else
[2024-08-02T07:00:08.146+0000] {logging_mixin.py:188} INFO - K.Ts.Angelic/Khaki.01/
[2024-08-02T07:00:08.146+0000] {logging_mixin.py:188} INFO - 306 else
[2024-08-02T07:00:08.146+0000] {logging_mixin.py:188} INFO - К.PVZ.01.Ts0901.0180/Black.01/
[2024-08-02T07:00:08.146+0000] {logging_mixin.py:188} INFO - 1121 else
[2024-08-02T07:00:16.683+0000] {blocking_connection.py:802} INFO - Closing connection (200): Normal shutdown
[2024-08-02T07:00:16.684+0000] {channel.py:536} INFO - Closing channel (200): 'Normal shutdown' on <Channel number=1 OPEN conn=<SelectConnection OPEN transport=<pika.adapters.utils.io_services_utils._AsyncPlaintextTransport object at 0x7f05f5d630b0> params=<ConnectionParameters host=rabbitmq port=5672 virtual_host=/ ssl=False>>>
[2024-08-02T07:00:16.685+0000] {channel.py:1133} INFO - Received <Channel.CloseOk> on <Channel number=1 CLOSING conn=<SelectConnection OPEN transport=<pika.adapters.utils.io_services_utils._AsyncPlaintextTransport object at 0x7f05f5d630b0> params=<ConnectionParameters host=rabbitmq port=5672 virtual_host=/ ssl=False>>>
[2024-08-02T07:00:16.686+0000] {connection.py:1316} INFO - Closing connection (200): 'Normal shutdown'
[2024-08-02T07:00:16.689+0000] {io_services_utils.py:731} INFO - Aborting transport connection: state=1; <socket.socket fd=95, family=2, type=1, proto=6, laddr=('172.21.0.6', 35962), raddr=('172.21.0.2', 5672)>
[2024-08-02T07:00:16.689+0000] {io_services_utils.py:904} INFO - _AsyncTransportBase._initate_abort(): Initiating abrupt asynchronous transport shutdown: state=1; error=None; <socket.socket fd=95, family=2, type=1, proto=6, laddr=('172.21.0.6', 35962), raddr=('172.21.0.2', 5672)>
[2024-08-02T07:00:16.690+0000] {io_services_utils.py:869} INFO - Deactivating transport: state=1; <socket.socket fd=95, family=2, type=1, proto=6, laddr=('172.21.0.6', 35962), raddr=('172.21.0.2', 5672)>
[2024-08-02T07:00:16.690+0000] {connection.py:2017} INFO - AMQP stack terminated, failed to connect, or aborted: opened=True, error-arg=None; pending-error=ConnectionClosedByClient: (200) 'Normal shutdown'
[2024-08-02T07:00:16.690+0000] {connection.py:2086} INFO - Stack terminated due to ConnectionClosedByClient: (200) 'Normal shutdown'
[2024-08-02T07:00:16.692+0000] {io_services_utils.py:882} INFO - Closing transport socket and unlinking: state=3; <socket.socket fd=95, family=2, type=1, proto=6, laddr=('172.21.0.6', 35962), raddr=('172.21.0.2', 5672)>
[2024-08-02T07:00:16.692+0000] {blocking_connection.py:525} INFO - User-initiated close: result=(<SelectConnection CLOSED transport=None params=<ConnectionParameters host=rabbitmq port=5672 virtual_host=/ ssl=False>>, ConnectionClosedByClient: (200) 'Normal shutdown')
[2024-08-02T07:00:16.693+0000] {python.py:237} INFO - Done. Returned value was: None
[2024-08-02T07:00:16.693+0000] {taskinstance.py:441} INFO - ::group::Post task execution logs
[2024-08-02T07:00:16.707+0000] {taskinstance.py:1205} INFO - Marking task as SUCCESS. dag_id=send_message_and_calculate_ABC, task_id=send_message_and_calculate_ABC, execution_date=20240801T070000, start_date=20240802T070002, end_date=20240802T070016
[2024-08-02T07:00:16.754+0000] {local_task_job_runner.py:240} INFO - Task exited with return code 0
[2024-08-02T07:00:16.775+0000] {taskinstance.py:3482} INFO - 0 downstream tasks scheduled from follow-on schedule check
[2024-08-02T07:00:16.776+0000] {local_task_job_runner.py:222} INFO - ::endgroup::
